<?xml version="1.0" encoding="UTF-8"?>
<!-- Generated by org.testng.reporters.JUnitXMLReporter -->
<testsuite ignored="0" hostname="BLR-P7113369LP" failures="0" tests="4" name="Default test" time="2.94" errors="0" timestamp="2022-11-17T15:55:10 IST">
  <testcase classname="Tests_POST" name="test01_delete" time="1.458"/>
  <testcase classname="Tests_POST" name="test01_patch" time="0.4"/>
  <testcase classname="Tests_POST" name="test01_post" time="0.375"/>
  <testcase classname="Tests_POST" name="test01_put" time="0.364"/>
</testsuite> <!-- Default test -->
