<?xml version="1.0" encoding="UTF-8"?>
<testng-results skipped="0" failed="2" ignored="0" total="64" passed="62">
  <reporter-output>
  </reporter-output>
  <suite name="Suite" duration-ms="2393010" started-at="2019-12-16T09:28:41Z" finished-at="2019-12-16T10:08:34Z">
    <groups>
    </groups>
    <test name="Test" duration-ms="2393010" started-at="2019-12-16T09:28:41Z" finished-at="2019-12-16T10:08:34Z">
      <class name="com.wp.wpqa_64_verify_global_variables_CPT.VerifyGlobalVariables_CPT_VideoPage">
        <test-method status="PASS" signature="initialize()[pri:0, instance:com.wp.wpqa_64_verify_global_variables_CPT.VerifyGlobalVariables_CPT_VideoPage@11bd0f3b]" name="initialize" is-config="true" duration-ms="4916" started-at="2019-12-16T10:03:10Z" finished-at="2019-12-16T10:03:15Z">
          <reporter-output>
          </reporter-output>
        </test-method> <!-- initialize -->
        <test-method status="PASS" signature="navigateToRequiredURL()[pri:0, instance:com.wp.wpqa_64_verify_global_variables_CPT.VerifyGlobalVariables_CPT_VideoPage@11bd0f3b]" name="navigateToRequiredURL" is-config="true" duration-ms="20628" started-at="2019-12-16T10:03:15Z" finished-at="2019-12-16T10:03:35Z">
          <reporter-output>
          </reporter-output>
        </test-method> <!-- navigateToRequiredURL -->
        <test-method status="PASS" signature="verifyPlayerContainer_CPT_VideoPage()[pri:0, instance:com.wp.wpqa_64_verify_global_variables_CPT.VerifyGlobalVariables_CPT_VideoPage@11bd0f3b]" name="verifyPlayerContainer_CPT_VideoPage" duration-ms="107" started-at="2019-12-16T10:03:35Z" finished-at="2019-12-16T10:03:36Z">
          <reporter-output>
          </reporter-output>
        </test-method> <!-- verifyPlayerContainer_CPT_VideoPage -->
        <test-method status="PASS" signature="nameBefore(java.lang.reflect.Method)[pri:0, instance:com.wp.wpqa_64_verify_global_variables_CPT.VerifyGlobalVariables_CPT_VideoPage@11bd0f3b]" name="nameBefore" is-config="true" duration-ms="0" started-at="2019-12-16T10:03:35Z" finished-at="2019-12-16T10:03:35Z">
          <params>
            <param index="0">
              <value>
                <![CDATA[public void com.wp.wpqa_64_verify_global_variables_CPT.VerifyGlobalVariables_CPT_VideoPage.verifyPlayerContainer_CPT_VideoPage() throws java.io.IOException,java.lang.InterruptedException]]>
              </value>
            </param>
          </params>
          <reporter-output>
          </reporter-output>
        </test-method> <!-- nameBefore -->
        <test-method status="PASS" signature="verifyVideoFeaturedPlaylistLinks_CPT_VideoPage()[pri:0, instance:com.wp.wpqa_64_verify_global_variables_CPT.VerifyGlobalVariables_CPT_VideoPage@11bd0f3b]" name="verifyVideoFeaturedPlaylistLinks_CPT_VideoPage" duration-ms="117644" started-at="2019-12-16T10:03:36Z" depends-on-methods="com.wp.wpqa_64_verify_global_variables_CPT.VerifyGlobalVariables_CPT_VideoPage.verifyPlayerContainer_CPT_VideoPage" finished-at="2019-12-16T10:05:33Z">
          <reporter-output>
          </reporter-output>
        </test-method> <!-- verifyVideoFeaturedPlaylistLinks_CPT_VideoPage -->
        <test-method status="PASS" signature="nameBefore(java.lang.reflect.Method)[pri:0, instance:com.wp.wpqa_64_verify_global_variables_CPT.VerifyGlobalVariables_CPT_VideoPage@11bd0f3b]" name="nameBefore" is-config="true" duration-ms="0" started-at="2019-12-16T10:03:36Z" finished-at="2019-12-16T10:03:36Z">
          <params>
            <param index="0">
              <value>
                <![CDATA[public void com.wp.wpqa_64_verify_global_variables_CPT.VerifyGlobalVariables_CPT_VideoPage.verifyVideoFeaturedPlaylistLinks_CPT_VideoPage() throws java.io.IOException,java.lang.InterruptedException]]>
              </value>
            </param>
          </params>
          <reporter-output>
          </reporter-output>
        </test-method> <!-- nameBefore -->
        <test-method status="PASS" signature="nameAfter(java.lang.reflect.Method)[pri:0, instance:com.wp.wpqa_64_verify_global_variables_CPT.VerifyGlobalVariables_CPT_VideoPage@11bd0f3b]" name="nameAfter" is-config="true" duration-ms="0" started-at="2019-12-16T10:03:36Z" finished-at="2019-12-16T10:03:36Z">
          <params>
            <param index="0">
              <value>
                <![CDATA[public void com.wp.wpqa_64_verify_global_variables_CPT.VerifyGlobalVariables_CPT_VideoPage.verifyPlayerContainer_CPT_VideoPage() throws java.io.IOException,java.lang.InterruptedException]]>
              </value>
            </param>
          </params>
          <reporter-output>
          </reporter-output>
        </test-method> <!-- nameAfter -->
        <test-method status="PASS" signature="nameAfter(java.lang.reflect.Method)[pri:0, instance:com.wp.wpqa_64_verify_global_variables_CPT.VerifyGlobalVariables_CPT_VideoPage@11bd0f3b]" name="nameAfter" is-config="true" duration-ms="0" started-at="2019-12-16T10:05:33Z" finished-at="2019-12-16T10:05:33Z">
          <params>
            <param index="0">
              <value>
                <![CDATA[public void com.wp.wpqa_64_verify_global_variables_CPT.VerifyGlobalVariables_CPT_VideoPage.verifyVideoFeaturedPlaylistLinks_CPT_VideoPage() throws java.io.IOException,java.lang.InterruptedException]]>
              </value>
            </param>
          </params>
          <reporter-output>
          </reporter-output>
        </test-method> <!-- nameAfter -->
        <test-method status="PASS" signature="nameBefore(java.lang.reflect.Method)[pri:0, instance:com.wp.wpqa_64_verify_global_variables_CPT.VerifyGlobalVariables_CPT_VideoPage@11bd0f3b]" name="nameBefore" is-config="true" duration-ms="0" started-at="2019-12-16T10:05:33Z" finished-at="2019-12-16T10:05:33Z">
          <params>
            <param index="0">
              <value>
                <![CDATA[public void com.wp.wpqa_64_verify_global_variables_CPT.VerifyGlobalVariables_CPT_VideoPage.verifyVideoPlaylistThumbnailImage_CPT_VideoPage() throws java.io.IOException,java.lang.InterruptedException]]>
              </value>
            </param>
          </params>
          <reporter-output>
          </reporter-output>
        </test-method> <!-- nameBefore -->
        <test-method status="PASS" signature="verifyVideoPlaylistThumbnailImage_CPT_VideoPage()[pri:0, instance:com.wp.wpqa_64_verify_global_variables_CPT.VerifyGlobalVariables_CPT_VideoPage@11bd0f3b]" name="verifyVideoPlaylistThumbnailImage_CPT_VideoPage" duration-ms="88953" started-at="2019-12-16T10:05:33Z" depends-on-methods="com.wp.wpqa_64_verify_global_variables_CPT.VerifyGlobalVariables_CPT_VideoPage.verifyVideoFeaturedPlaylistLinks_CPT_VideoPage" finished-at="2019-12-16T10:07:02Z">
          <reporter-output>
          </reporter-output>
        </test-method> <!-- verifyVideoPlaylistThumbnailImage_CPT_VideoPage -->
        <test-method status="PASS" signature="nameAfter(java.lang.reflect.Method)[pri:0, instance:com.wp.wpqa_64_verify_global_variables_CPT.VerifyGlobalVariables_CPT_VideoPage@11bd0f3b]" name="nameAfter" is-config="true" duration-ms="0" started-at="2019-12-16T10:07:02Z" finished-at="2019-12-16T10:07:02Z">
          <params>
            <param index="0">
              <value>
                <![CDATA[public void com.wp.wpqa_64_verify_global_variables_CPT.VerifyGlobalVariables_CPT_VideoPage.verifyVideoPlaylistThumbnailImage_CPT_VideoPage() throws java.io.IOException,java.lang.InterruptedException]]>
              </value>
            </param>
          </params>
          <reporter-output>
          </reporter-output>
        </test-method> <!-- nameAfter -->
        <test-method status="PASS" signature="nameBefore(java.lang.reflect.Method)[pri:0, instance:com.wp.wpqa_64_verify_global_variables_CPT.VerifyGlobalVariables_CPT_VideoPage@11bd0f3b]" name="nameBefore" is-config="true" duration-ms="0" started-at="2019-12-16T10:07:02Z" finished-at="2019-12-16T10:07:02Z">
          <params>
            <param index="0">
              <value>
                <![CDATA[public void com.wp.wpqa_64_verify_global_variables_CPT.VerifyGlobalVariables_CPT_VideoPage.verifyVideoPlaylistSlider_CPT_VideoPage() throws java.io.IOException,java.lang.InterruptedException]]>
              </value>
            </param>
          </params>
          <reporter-output>
          </reporter-output>
        </test-method> <!-- nameBefore -->
        <test-method status="PASS" signature="verifyVideoPlaylistSlider_CPT_VideoPage()[pri:0, instance:com.wp.wpqa_64_verify_global_variables_CPT.VerifyGlobalVariables_CPT_VideoPage@11bd0f3b]" name="verifyVideoPlaylistSlider_CPT_VideoPage" duration-ms="402" started-at="2019-12-16T10:07:02Z" depends-on-methods="com.wp.wpqa_64_verify_global_variables_CPT.VerifyGlobalVariables_CPT_VideoPage.verifyVideoPlaylistThumbnailImage_CPT_VideoPage" finished-at="2019-12-16T10:07:03Z">
          <reporter-output>
          </reporter-output>
        </test-method> <!-- verifyVideoPlaylistSlider_CPT_VideoPage -->
        <test-method status="PASS" signature="nameAfter(java.lang.reflect.Method)[pri:0, instance:com.wp.wpqa_64_verify_global_variables_CPT.VerifyGlobalVariables_CPT_VideoPage@11bd0f3b]" name="nameAfter" is-config="true" duration-ms="0" started-at="2019-12-16T10:07:03Z" finished-at="2019-12-16T10:07:03Z">
          <params>
            <param index="0">
              <value>
                <![CDATA[public void com.wp.wpqa_64_verify_global_variables_CPT.VerifyGlobalVariables_CPT_VideoPage.verifyVideoPlaylistSlider_CPT_VideoPage() throws java.io.IOException,java.lang.InterruptedException]]>
              </value>
            </param>
          </params>
          <reporter-output>
          </reporter-output>
        </test-method> <!-- nameAfter -->
        <test-method status="PASS" signature="verifyVideoPlaylistPreviousArrow_CPT_VideoPage()[pri:0, instance:com.wp.wpqa_64_verify_global_variables_CPT.VerifyGlobalVariables_CPT_VideoPage@11bd0f3b]" name="verifyVideoPlaylistPreviousArrow_CPT_VideoPage" duration-ms="5128" started-at="2019-12-16T10:07:03Z" depends-on-methods="com.wp.wpqa_64_verify_global_variables_CPT.VerifyGlobalVariables_CPT_VideoPage.verifyVideoPlaylistSlider_CPT_VideoPage" finished-at="2019-12-16T10:07:08Z">
          <reporter-output>
          </reporter-output>
        </test-method> <!-- verifyVideoPlaylistPreviousArrow_CPT_VideoPage -->
        <test-method status="PASS" signature="nameBefore(java.lang.reflect.Method)[pri:0, instance:com.wp.wpqa_64_verify_global_variables_CPT.VerifyGlobalVariables_CPT_VideoPage@11bd0f3b]" name="nameBefore" is-config="true" duration-ms="0" started-at="2019-12-16T10:07:03Z" finished-at="2019-12-16T10:07:03Z">
          <params>
            <param index="0">
              <value>
                <![CDATA[public void com.wp.wpqa_64_verify_global_variables_CPT.VerifyGlobalVariables_CPT_VideoPage.verifyVideoPlaylistPreviousArrow_CPT_VideoPage() throws java.io.IOException,java.lang.InterruptedException]]>
              </value>
            </param>
          </params>
          <reporter-output>
          </reporter-output>
        </test-method> <!-- nameBefore -->
        <test-method status="PASS" signature="nameAfter(java.lang.reflect.Method)[pri:0, instance:com.wp.wpqa_64_verify_global_variables_CPT.VerifyGlobalVariables_CPT_VideoPage@11bd0f3b]" name="nameAfter" is-config="true" duration-ms="1" started-at="2019-12-16T10:07:08Z" finished-at="2019-12-16T10:07:08Z">
          <params>
            <param index="0">
              <value>
                <![CDATA[public void com.wp.wpqa_64_verify_global_variables_CPT.VerifyGlobalVariables_CPT_VideoPage.verifyVideoPlaylistPreviousArrow_CPT_VideoPage() throws java.io.IOException,java.lang.InterruptedException]]>
              </value>
            </param>
          </params>
          <reporter-output>
          </reporter-output>
        </test-method> <!-- nameAfter -->
        <test-method status="PASS" signature="nameBefore(java.lang.reflect.Method)[pri:0, instance:com.wp.wpqa_64_verify_global_variables_CPT.VerifyGlobalVariables_CPT_VideoPage@11bd0f3b]" name="nameBefore" is-config="true" duration-ms="2" started-at="2019-12-16T10:07:08Z" finished-at="2019-12-16T10:07:08Z">
          <params>
            <param index="0">
              <value>
                <![CDATA[public void com.wp.wpqa_64_verify_global_variables_CPT.VerifyGlobalVariables_CPT_VideoPage.verifyVideoPlaylistNextArrow_CPT_VideoPage() throws java.io.IOException,java.lang.InterruptedException]]>
              </value>
            </param>
          </params>
          <reporter-output>
          </reporter-output>
        </test-method> <!-- nameBefore -->
        <test-method status="PASS" signature="verifyVideoPlaylistNextArrow_CPT_VideoPage()[pri:0, instance:com.wp.wpqa_64_verify_global_variables_CPT.VerifyGlobalVariables_CPT_VideoPage@11bd0f3b]" name="verifyVideoPlaylistNextArrow_CPT_VideoPage" duration-ms="5130" started-at="2019-12-16T10:07:08Z" depends-on-methods="com.wp.wpqa_64_verify_global_variables_CPT.VerifyGlobalVariables_CPT_VideoPage.verifyVideoPlaylistPreviousArrow_CPT_VideoPage" finished-at="2019-12-16T10:07:13Z">
          <reporter-output>
          </reporter-output>
        </test-method> <!-- verifyVideoPlaylistNextArrow_CPT_VideoPage -->
        <test-method status="PASS" signature="nameAfter(java.lang.reflect.Method)[pri:0, instance:com.wp.wpqa_64_verify_global_variables_CPT.VerifyGlobalVariables_CPT_VideoPage@11bd0f3b]" name="nameAfter" is-config="true" duration-ms="1" started-at="2019-12-16T10:07:13Z" finished-at="2019-12-16T10:07:13Z">
          <params>
            <param index="0">
              <value>
                <![CDATA[public void com.wp.wpqa_64_verify_global_variables_CPT.VerifyGlobalVariables_CPT_VideoPage.verifyVideoPlaylistNextArrow_CPT_VideoPage() throws java.io.IOException,java.lang.InterruptedException]]>
              </value>
            </param>
          </params>
          <reporter-output>
          </reporter-output>
        </test-method> <!-- nameAfter -->
        <test-method status="PASS" signature="nameBefore(java.lang.reflect.Method)[pri:0, instance:com.wp.wpqa_64_verify_global_variables_CPT.VerifyGlobalVariables_CPT_VideoPage@11bd0f3b]" name="nameBefore" is-config="true" duration-ms="1" started-at="2019-12-16T10:07:13Z" finished-at="2019-12-16T10:07:13Z">
          <params>
            <param index="0">
              <value>
                <![CDATA[public void com.wp.wpqa_64_verify_global_variables_CPT.VerifyGlobalVariables_CPT_VideoPage.verifyVideoPlaylistDots_CPT_VideoPage() throws java.io.IOException,java.lang.InterruptedException]]>
              </value>
            </param>
          </params>
          <reporter-output>
          </reporter-output>
        </test-method> <!-- nameBefore -->
        <test-method status="PASS" signature="verifyVideoPlaylistDots_CPT_VideoPage()[pri:0, instance:com.wp.wpqa_64_verify_global_variables_CPT.VerifyGlobalVariables_CPT_VideoPage@11bd0f3b]" name="verifyVideoPlaylistDots_CPT_VideoPage" duration-ms="5129" started-at="2019-12-16T10:07:13Z" depends-on-methods="com.wp.wpqa_64_verify_global_variables_CPT.VerifyGlobalVariables_CPT_VideoPage.verifyVideoPlaylistNextArrow_CPT_VideoPage" finished-at="2019-12-16T10:07:18Z">
          <reporter-output>
          </reporter-output>
        </test-method> <!-- verifyVideoPlaylistDots_CPT_VideoPage -->
        <test-method status="PASS" signature="nameAfter(java.lang.reflect.Method)[pri:0, instance:com.wp.wpqa_64_verify_global_variables_CPT.VerifyGlobalVariables_CPT_VideoPage@11bd0f3b]" name="nameAfter" is-config="true" duration-ms="1" started-at="2019-12-16T10:07:18Z" finished-at="2019-12-16T10:07:18Z">
          <params>
            <param index="0">
              <value>
                <![CDATA[public void com.wp.wpqa_64_verify_global_variables_CPT.VerifyGlobalVariables_CPT_VideoPage.verifyVideoPlaylistDots_CPT_VideoPage() throws java.io.IOException,java.lang.InterruptedException]]>
              </value>
            </param>
          </params>
          <reporter-output>
          </reporter-output>
        </test-method> <!-- nameAfter -->
        <test-method status="PASS" signature="TeardownTest()[pri:0, instance:com.wp.wpqa_64_verify_global_variables_CPT.VerifyGlobalVariables_CPT_VideoPage@11bd0f3b]" name="TeardownTest" is-config="true" duration-ms="1225" started-at="2019-12-16T10:07:18Z" finished-at="2019-12-16T10:07:19Z">
          <reporter-output>
          </reporter-output>
        </test-method> <!-- TeardownTest -->
      </class> <!-- com.wp.wpqa_64_verify_global_variables_CPT.VerifyGlobalVariables_CPT_VideoPage -->
      <class name="com.wp.wpqa_64_verify_global_variables_CPT.VerifyGlobalVariables_CPT_HubPage">
        <test-method status="PASS" signature="initialize()[pri:0, instance:com.wp.wpqa_64_verify_global_variables_CPT.VerifyGlobalVariables_CPT_HubPage@69e1dd28]" name="initialize" is-config="true" duration-ms="5717" started-at="2019-12-16T09:53:59Z" finished-at="2019-12-16T09:54:05Z">
          <reporter-output>
          </reporter-output>
        </test-method> <!-- initialize -->
        <test-method status="PASS" signature="navigateToRequiredURL()[pri:0, instance:com.wp.wpqa_64_verify_global_variables_CPT.VerifyGlobalVariables_CPT_HubPage@69e1dd28]" name="navigateToRequiredURL" is-config="true" duration-ms="18631" started-at="2019-12-16T09:54:05Z" finished-at="2019-12-16T09:54:23Z">
          <reporter-output>
          </reporter-output>
        </test-method> <!-- navigateToRequiredURL -->
        <test-method status="PASS" signature="nameBefore(java.lang.reflect.Method)[pri:0, instance:com.wp.wpqa_64_verify_global_variables_CPT.VerifyGlobalVariables_CPT_HubPage@69e1dd28]" name="nameBefore" is-config="true" duration-ms="0" started-at="2019-12-16T09:54:23Z" finished-at="2019-12-16T09:54:23Z">
          <params>
            <param index="0">
              <value>
                <![CDATA[public void com.wp.wpqa_64_verify_global_variables_CPT.VerifyGlobalVariables_CPT_HubPage.verify_Banner_CPT_HubPage() throws java.io.IOException,java.lang.InterruptedException]]>
              </value>
            </param>
          </params>
          <reporter-output>
          </reporter-output>
        </test-method> <!-- nameBefore -->
        <test-method status="PASS" signature="verify_Banner_CPT_HubPage()[pri:0, instance:com.wp.wpqa_64_verify_global_variables_CPT.VerifyGlobalVariables_CPT_HubPage@69e1dd28]" name="verify_Banner_CPT_HubPage" duration-ms="176" started-at="2019-12-16T09:54:23Z" finished-at="2019-12-16T09:54:23Z">
          <reporter-output>
          </reporter-output>
        </test-method> <!-- verify_Banner_CPT_HubPage -->
        <test-method status="PASS" signature="nameAfter(java.lang.reflect.Method)[pri:0, instance:com.wp.wpqa_64_verify_global_variables_CPT.VerifyGlobalVariables_CPT_HubPage@69e1dd28]" name="nameAfter" is-config="true" duration-ms="0" started-at="2019-12-16T09:54:23Z" finished-at="2019-12-16T09:54:23Z">
          <params>
            <param index="0">
              <value>
                <![CDATA[public void com.wp.wpqa_64_verify_global_variables_CPT.VerifyGlobalVariables_CPT_HubPage.verify_Banner_CPT_HubPage() throws java.io.IOException,java.lang.InterruptedException]]>
              </value>
            </param>
          </params>
          <reporter-output>
          </reporter-output>
        </test-method> <!-- nameAfter -->
        <test-method status="PASS" signature="verify_BreadCrumb_CPT_HubPage()[pri:0, instance:com.wp.wpqa_64_verify_global_variables_CPT.VerifyGlobalVariables_CPT_HubPage@69e1dd28]" name="verify_BreadCrumb_CPT_HubPage" duration-ms="146" started-at="2019-12-16T09:54:23Z" depends-on-methods="com.wp.wpqa_64_verify_global_variables_CPT.VerifyGlobalVariables_CPT_HubPage.verify_Banner_CPT_HubPage" finished-at="2019-12-16T09:54:24Z">
          <reporter-output>
          </reporter-output>
        </test-method> <!-- verify_BreadCrumb_CPT_HubPage -->
        <test-method status="PASS" signature="nameBefore(java.lang.reflect.Method)[pri:0, instance:com.wp.wpqa_64_verify_global_variables_CPT.VerifyGlobalVariables_CPT_HubPage@69e1dd28]" name="nameBefore" is-config="true" duration-ms="0" started-at="2019-12-16T09:54:23Z" finished-at="2019-12-16T09:54:23Z">
          <params>
            <param index="0">
              <value>
                <![CDATA[public void com.wp.wpqa_64_verify_global_variables_CPT.VerifyGlobalVariables_CPT_HubPage.verify_BreadCrumb_CPT_HubPage() throws java.io.IOException,java.lang.InterruptedException]]>
              </value>
            </param>
          </params>
          <reporter-output>
          </reporter-output>
        </test-method> <!-- nameBefore -->
        <test-method status="PASS" signature="nameAfter(java.lang.reflect.Method)[pri:0, instance:com.wp.wpqa_64_verify_global_variables_CPT.VerifyGlobalVariables_CPT_HubPage@69e1dd28]" name="nameAfter" is-config="true" duration-ms="0" started-at="2019-12-16T09:54:24Z" finished-at="2019-12-16T09:54:24Z">
          <params>
            <param index="0">
              <value>
                <![CDATA[public void com.wp.wpqa_64_verify_global_variables_CPT.VerifyGlobalVariables_CPT_HubPage.verify_BreadCrumb_CPT_HubPage() throws java.io.IOException,java.lang.InterruptedException]]>
              </value>
            </param>
          </params>
          <reporter-output>
          </reporter-output>
        </test-method> <!-- nameAfter -->
        <test-method status="PASS" signature="nameBefore(java.lang.reflect.Method)[pri:0, instance:com.wp.wpqa_64_verify_global_variables_CPT.VerifyGlobalVariables_CPT_HubPage@69e1dd28]" name="nameBefore" is-config="true" duration-ms="1" started-at="2019-12-16T09:54:24Z" finished-at="2019-12-16T09:54:24Z">
          <params>
            <param index="0">
              <value>
                <![CDATA[public void com.wp.wpqa_64_verify_global_variables_CPT.VerifyGlobalVariables_CPT_HubPage.verify_Title_CPT_HubPage() throws java.io.IOException,java.lang.InterruptedException]]>
              </value>
            </param>
          </params>
          <reporter-output>
          </reporter-output>
        </test-method> <!-- nameBefore -->
        <test-method status="PASS" signature="verify_Title_CPT_HubPage()[pri:0, instance:com.wp.wpqa_64_verify_global_variables_CPT.VerifyGlobalVariables_CPT_HubPage@69e1dd28]" name="verify_Title_CPT_HubPage" duration-ms="41" started-at="2019-12-16T09:54:24Z" depends-on-methods="com.wp.wpqa_64_verify_global_variables_CPT.VerifyGlobalVariables_CPT_HubPage.verify_BreadCrumb_CPT_HubPage" finished-at="2019-12-16T09:54:24Z">
          <reporter-output>
          </reporter-output>
        </test-method> <!-- verify_Title_CPT_HubPage -->
        <test-method status="PASS" signature="nameAfter(java.lang.reflect.Method)[pri:0, instance:com.wp.wpqa_64_verify_global_variables_CPT.VerifyGlobalVariables_CPT_HubPage@69e1dd28]" name="nameAfter" is-config="true" duration-ms="1" started-at="2019-12-16T09:54:24Z" finished-at="2019-12-16T09:54:24Z">
          <params>
            <param index="0">
              <value>
                <![CDATA[public void com.wp.wpqa_64_verify_global_variables_CPT.VerifyGlobalVariables_CPT_HubPage.verify_Title_CPT_HubPage() throws java.io.IOException,java.lang.InterruptedException]]>
              </value>
            </param>
          </params>
          <reporter-output>
          </reporter-output>
        </test-method> <!-- nameAfter -->
        <test-method status="PASS" signature="nameBefore(java.lang.reflect.Method)[pri:0, instance:com.wp.wpqa_64_verify_global_variables_CPT.VerifyGlobalVariables_CPT_HubPage@69e1dd28]" name="nameBefore" is-config="true" duration-ms="1" started-at="2019-12-16T09:54:24Z" finished-at="2019-12-16T09:54:24Z">
          <params>
            <param index="0">
              <value>
                <![CDATA[public void com.wp.wpqa_64_verify_global_variables_CPT.VerifyGlobalVariables_CPT_HubPage.verify_ArchieveDescription_CPT_HubPage() throws java.io.IOException,java.lang.InterruptedException]]>
              </value>
            </param>
          </params>
          <reporter-output>
          </reporter-output>
        </test-method> <!-- nameBefore -->
        <test-method status="PASS" signature="verify_ArchieveDescription_CPT_HubPage()[pri:0, instance:com.wp.wpqa_64_verify_global_variables_CPT.VerifyGlobalVariables_CPT_HubPage@69e1dd28]" name="verify_ArchieveDescription_CPT_HubPage" duration-ms="46" started-at="2019-12-16T09:54:24Z" depends-on-methods="com.wp.wpqa_64_verify_global_variables_CPT.VerifyGlobalVariables_CPT_HubPage.verify_Title_CPT_HubPage" finished-at="2019-12-16T09:54:24Z">
          <reporter-output>
          </reporter-output>
        </test-method> <!-- verify_ArchieveDescription_CPT_HubPage -->
        <test-method status="PASS" signature="nameAfter(java.lang.reflect.Method)[pri:0, instance:com.wp.wpqa_64_verify_global_variables_CPT.VerifyGlobalVariables_CPT_HubPage@69e1dd28]" name="nameAfter" is-config="true" duration-ms="0" started-at="2019-12-16T09:54:24Z" finished-at="2019-12-16T09:54:24Z">
          <params>
            <param index="0">
              <value>
                <![CDATA[public void com.wp.wpqa_64_verify_global_variables_CPT.VerifyGlobalVariables_CPT_HubPage.verify_ArchieveDescription_CPT_HubPage() throws java.io.IOException,java.lang.InterruptedException]]>
              </value>
            </param>
          </params>
          <reporter-output>
          </reporter-output>
        </test-method> <!-- nameAfter -->
        <test-method status="FAIL" signature="verify_BrowseByList_CPT_HubPage()[pri:0, instance:com.wp.wpqa_64_verify_global_variables_CPT.VerifyGlobalVariables_CPT_HubPage@69e1dd28]" name="verify_BrowseByList_CPT_HubPage" duration-ms="4584" started-at="2019-12-16T09:54:24Z" depends-on-methods="com.wp.wpqa_64_verify_global_variables_CPT.VerifyGlobalVariables_CPT_HubPage.verify_ArchieveDescription_CPT_HubPage" finished-at="2019-12-16T09:54:28Z">
          <exception class="org.openqa.selenium.StaleElementReferenceException">
            <message>
              <![CDATA[stale element reference: element is not attached to the page document
  (Session info: chrome=78.0.3904.108)
  (Driver info: chromedriver=2.41.578737 (49da6702b16031c40d63e5618de03a32ff6c197e),platform=Windows NT 10.0.17763 x86_64) (WARNING: The server did not provide any stacktrace information)
Command duration or timeout: 0 milliseconds
For documentation on this error, please visit: http://seleniumhq.org/exceptions/stale_element_reference.html
Build info: version: '3.14.0', revision: 'aacccce0', time: '2018-08-02T20:19:58.91Z'
System info: host: 'BLR-P7111163L', ip: '172.25.36.212', os.name: 'Windows 10', os.arch: 'amd64', os.version: '10.0', java.version: '1.8.0_172'
Driver info: org.openqa.selenium.chrome.ChromeDriver
Capabilities {acceptInsecureCerts: false, acceptSslCerts: false, applicationCacheEnabled: false, browserConnectionEnabled: false, browserName: chrome, chrome: {chromedriverVersion: 2.41.578737 (49da6702b16031..., userDataDir: C:\Users\p7111163\AppData\L...}, cssSelectorsEnabled: true, databaseEnabled: false, goog:chromeOptions: {debuggerAddress: localhost:61582}, handlesAlerts: true, hasTouchScreen: false, javascriptEnabled: true, locationContextEnabled: true, mobileEmulationEnabled: false, nativeEvents: true, networkConnectionEnabled: false, pageLoadStrategy: normal, platform: XP, platformName: XP, rotatable: false, setWindowRect: true, takesHeapSnapshot: true, takesScreenshot: true, unexpectedAlertBehaviour: , unhandledPromptBehavior: , version: 78.0.3904.108, webStorageEnabled: true}
Session ID: d9bd640d25675a99567b12068c43b401]]>
            </message>
            <full-stacktrace>
              <![CDATA[org.openqa.selenium.StaleElementReferenceException: stale element reference: element is not attached to the page document
  (Session info: chrome=78.0.3904.108)
  (Driver info: chromedriver=2.41.578737 (49da6702b16031c40d63e5618de03a32ff6c197e),platform=Windows NT 10.0.17763 x86_64) (WARNING: The server did not provide any stacktrace information)
Command duration or timeout: 0 milliseconds
For documentation on this error, please visit: http://seleniumhq.org/exceptions/stale_element_reference.html
Build info: version: '3.14.0', revision: 'aacccce0', time: '2018-08-02T20:19:58.91Z'
System info: host: 'BLR-P7111163L', ip: '172.25.36.212', os.name: 'Windows 10', os.arch: 'amd64', os.version: '10.0', java.version: '1.8.0_172'
Driver info: org.openqa.selenium.chrome.ChromeDriver
Capabilities {acceptInsecureCerts: false, acceptSslCerts: false, applicationCacheEnabled: false, browserConnectionEnabled: false, browserName: chrome, chrome: {chromedriverVersion: 2.41.578737 (49da6702b16031..., userDataDir: C:\Users\p7111163\AppData\L...}, cssSelectorsEnabled: true, databaseEnabled: false, goog:chromeOptions: {debuggerAddress: localhost:61582}, handlesAlerts: true, hasTouchScreen: false, javascriptEnabled: true, locationContextEnabled: true, mobileEmulationEnabled: false, nativeEvents: true, networkConnectionEnabled: false, pageLoadStrategy: normal, platform: XP, platformName: XP, rotatable: false, setWindowRect: true, takesHeapSnapshot: true, takesScreenshot: true, unexpectedAlertBehaviour: , unhandledPromptBehavior: , version: 78.0.3904.108, webStorageEnabled: true}
Session ID: d9bd640d25675a99567b12068c43b401
at sun.reflect.NativeConstructorAccessorImpl.newInstance0(Native Method)
at sun.reflect.NativeConstructorAccessorImpl.newInstance(NativeConstructorAccessorImpl.java:62)
at sun.reflect.DelegatingConstructorAccessorImpl.newInstance(DelegatingConstructorAccessorImpl.java:45)
at java.lang.reflect.Constructor.newInstance(Constructor.java:423)
at org.openqa.selenium.remote.ErrorHandler.createThrowable(ErrorHandler.java:214)
at org.openqa.selenium.remote.ErrorHandler.throwIfResponseFailed(ErrorHandler.java:166)
at org.openqa.selenium.remote.http.JsonHttpResponseCodec.reconstructValue(JsonHttpResponseCodec.java:40)
at org.openqa.selenium.remote.http.AbstractHttpResponseCodec.decode(AbstractHttpResponseCodec.java:80)
at org.openqa.selenium.remote.http.AbstractHttpResponseCodec.decode(AbstractHttpResponseCodec.java:44)
at org.openqa.selenium.remote.HttpCommandExecutor.execute(HttpCommandExecutor.java:158)
at org.openqa.selenium.remote.service.DriverCommandExecutor.execute(DriverCommandExecutor.java:83)
at org.openqa.selenium.remote.RemoteWebDriver.execute(RemoteWebDriver.java:548)
at org.openqa.selenium.remote.RemoteWebElement.execute(RemoteWebElement.java:276)
at org.openqa.selenium.remote.RemoteWebElement.isEnabled(RemoteWebElement.java:150)
at com.wp.pageObjectRepo.GlobalFunctions.verifyBrowseByList(GlobalFunctions.java:931)
at com.wp.wpqa_64_verify_global_variables_CPT.VerifyGlobalVariables_CPT_HubPage.verify_BrowseByList_CPT_HubPage(VerifyGlobalVariables_CPT_HubPage.java:135)
at sun.reflect.NativeMethodAccessorImpl.invoke0(Native Method)
at sun.reflect.NativeMethodAccessorImpl.invoke(NativeMethodAccessorImpl.java:62)
at sun.reflect.DelegatingMethodAccessorImpl.invoke(DelegatingMethodAccessorImpl.java:43)
at java.lang.reflect.Method.invoke(Method.java:498)
at org.testng.internal.MethodInvocationHelper.invokeMethod(MethodInvocationHelper.java:124)
at org.testng.internal.Invoker.invokeMethod(Invoker.java:583)
at org.testng.internal.Invoker.invokeTestMethod(Invoker.java:719)
at org.testng.internal.Invoker.invokeTestMethods(Invoker.java:989)
at org.testng.internal.TestMethodWorker.invokeTestMethods(TestMethodWorker.java:125)
at org.testng.internal.TestMethodWorker.run(TestMethodWorker.java:109)
at org.testng.TestRunner.privateRun(TestRunner.java:648)
at org.testng.TestRunner.run(TestRunner.java:505)
at org.testng.SuiteRunner.runTest(SuiteRunner.java:455)
at org.testng.SuiteRunner.runSequentially(SuiteRunner.java:450)
at org.testng.SuiteRunner.privateRun(SuiteRunner.java:415)
at org.testng.SuiteRunner.run(SuiteRunner.java:364)
at org.testng.SuiteRunnerWorker.runSuite(SuiteRunnerWorker.java:52)
at org.testng.SuiteRunnerWorker.run(SuiteRunnerWorker.java:84)
at org.testng.TestNG.runSuitesSequentially(TestNG.java:1208)
at org.testng.TestNG.runSuitesLocally(TestNG.java:1137)
at org.testng.TestNG.runSuites(TestNG.java:1049)
at org.testng.TestNG.run(TestNG.java:1017)
at org.testng.remote.AbstractRemoteTestNG.run(AbstractRemoteTestNG.java:114)
at org.testng.remote.RemoteTestNG.initAndRun(RemoteTestNG.java:251)
at org.testng.remote.RemoteTestNG.main(RemoteTestNG.java:77)
]]>
            </full-stacktrace>
          </exception> <!-- org.openqa.selenium.StaleElementReferenceException -->
          <reporter-output>
          </reporter-output>
        </test-method> <!-- verify_BrowseByList_CPT_HubPage -->
        <test-method status="PASS" signature="nameBefore(java.lang.reflect.Method)[pri:0, instance:com.wp.wpqa_64_verify_global_variables_CPT.VerifyGlobalVariables_CPT_HubPage@69e1dd28]" name="nameBefore" is-config="true" duration-ms="0" started-at="2019-12-16T09:54:24Z" finished-at="2019-12-16T09:54:24Z">
          <params>
            <param index="0">
              <value>
                <![CDATA[public void com.wp.wpqa_64_verify_global_variables_CPT.VerifyGlobalVariables_CPT_HubPage.verify_BrowseByList_CPT_HubPage() throws java.io.IOException,java.lang.InterruptedException]]>
              </value>
            </param>
          </params>
          <reporter-output>
          </reporter-output>
        </test-method> <!-- nameBefore -->
        <test-method status="PASS" signature="nameAfter(java.lang.reflect.Method)[pri:0, instance:com.wp.wpqa_64_verify_global_variables_CPT.VerifyGlobalVariables_CPT_HubPage@69e1dd28]" name="nameAfter" is-config="true" duration-ms="1" started-at="2019-12-16T09:54:29Z" finished-at="2019-12-16T09:54:29Z">
          <params>
            <param index="0">
              <value>
                <![CDATA[public void com.wp.wpqa_64_verify_global_variables_CPT.VerifyGlobalVariables_CPT_HubPage.verify_BrowseByList_CPT_HubPage() throws java.io.IOException,java.lang.InterruptedException]]>
              </value>
            </param>
          </params>
          <reporter-output>
          </reporter-output>
        </test-method> <!-- nameAfter -->
        <test-method status="PASS" signature="nameBefore(java.lang.reflect.Method)[pri:0, instance:com.wp.wpqa_64_verify_global_variables_CPT.VerifyGlobalVariables_CPT_HubPage@69e1dd28]" name="nameBefore" is-config="true" duration-ms="0" started-at="2019-12-16T09:54:29Z" finished-at="2019-12-16T09:54:29Z">
          <params>
            <param index="0">
              <value>
                <![CDATA[public void com.wp.wpqa_64_verify_global_variables_CPT.VerifyGlobalVariables_CPT_HubPage.verify_heroContainerImage_CPT_HubPage() throws java.io.IOException,java.lang.InterruptedException]]>
              </value>
            </param>
          </params>
          <reporter-output>
          </reporter-output>
        </test-method> <!-- nameBefore -->
        <test-method status="PASS" signature="verify_heroContainerImage_CPT_HubPage()[pri:0, instance:com.wp.wpqa_64_verify_global_variables_CPT.VerifyGlobalVariables_CPT_HubPage@69e1dd28]" name="verify_heroContainerImage_CPT_HubPage" duration-ms="14230" started-at="2019-12-16T09:54:29Z" depends-on-methods="com.wp.wpqa_64_verify_global_variables_CPT.VerifyGlobalVariables_CPT_HubPage.verify_ArchieveDescription_CPT_HubPage" finished-at="2019-12-16T09:54:43Z">
          <reporter-output>
          </reporter-output>
        </test-method> <!-- verify_heroContainerImage_CPT_HubPage -->
        <test-method status="PASS" signature="nameAfter(java.lang.reflect.Method)[pri:0, instance:com.wp.wpqa_64_verify_global_variables_CPT.VerifyGlobalVariables_CPT_HubPage@69e1dd28]" name="nameAfter" is-config="true" duration-ms="1" started-at="2019-12-16T09:54:43Z" finished-at="2019-12-16T09:54:43Z">
          <params>
            <param index="0">
              <value>
                <![CDATA[public void com.wp.wpqa_64_verify_global_variables_CPT.VerifyGlobalVariables_CPT_HubPage.verify_heroContainerImage_CPT_HubPage() throws java.io.IOException,java.lang.InterruptedException]]>
              </value>
            </param>
          </params>
          <reporter-output>
          </reporter-output>
        </test-method> <!-- nameAfter -->
        <test-method status="PASS" signature="verify_heroContainerLink_CPT_HubPage()[pri:0, instance:com.wp.wpqa_64_verify_global_variables_CPT.VerifyGlobalVariables_CPT_HubPage@69e1dd28]" name="verify_heroContainerLink_CPT_HubPage" duration-ms="7736" started-at="2019-12-16T09:54:43Z" depends-on-methods="com.wp.wpqa_64_verify_global_variables_CPT.VerifyGlobalVariables_CPT_HubPage.verify_heroContainerImage_CPT_HubPage" finished-at="2019-12-16T09:54:50Z">
          <reporter-output>
          </reporter-output>
        </test-method> <!-- verify_heroContainerLink_CPT_HubPage -->
        <test-method status="PASS" signature="nameBefore(java.lang.reflect.Method)[pri:0, instance:com.wp.wpqa_64_verify_global_variables_CPT.VerifyGlobalVariables_CPT_HubPage@69e1dd28]" name="nameBefore" is-config="true" duration-ms="0" started-at="2019-12-16T09:54:43Z" finished-at="2019-12-16T09:54:43Z">
          <params>
            <param index="0">
              <value>
                <![CDATA[public void com.wp.wpqa_64_verify_global_variables_CPT.VerifyGlobalVariables_CPT_HubPage.verify_heroContainerLink_CPT_HubPage() throws java.io.IOException,java.lang.InterruptedException]]>
              </value>
            </param>
          </params>
          <reporter-output>
          </reporter-output>
        </test-method> <!-- nameBefore -->
        <test-method status="PASS" signature="nameAfter(java.lang.reflect.Method)[pri:0, instance:com.wp.wpqa_64_verify_global_variables_CPT.VerifyGlobalVariables_CPT_HubPage@69e1dd28]" name="nameAfter" is-config="true" duration-ms="2" started-at="2019-12-16T09:54:50Z" finished-at="2019-12-16T09:54:50Z">
          <params>
            <param index="0">
              <value>
                <![CDATA[public void com.wp.wpqa_64_verify_global_variables_CPT.VerifyGlobalVariables_CPT_HubPage.verify_heroContainerLink_CPT_HubPage() throws java.io.IOException,java.lang.InterruptedException]]>
              </value>
            </param>
          </params>
          <reporter-output>
          </reporter-output>
        </test-method> <!-- nameAfter -->
        <test-method status="PASS" signature="verify_featuredModule_Link5_1_CPT_HubPage()[pri:0, instance:com.wp.wpqa_64_verify_global_variables_CPT.VerifyGlobalVariables_CPT_HubPage@69e1dd28]" name="verify_featuredModule_Link5_1_CPT_HubPage" duration-ms="64855" started-at="2019-12-16T09:54:50Z" depends-on-methods="com.wp.wpqa_64_verify_global_variables_CPT.VerifyGlobalVariables_CPT_HubPage.verify_heroContainerLink_CPT_HubPage" finished-at="2019-12-16T09:55:55Z">
          <reporter-output>
          </reporter-output>
        </test-method> <!-- verify_featuredModule_Link5_1_CPT_HubPage -->
        <test-method status="PASS" signature="nameBefore(java.lang.reflect.Method)[pri:0, instance:com.wp.wpqa_64_verify_global_variables_CPT.VerifyGlobalVariables_CPT_HubPage@69e1dd28]" name="nameBefore" is-config="true" duration-ms="0" started-at="2019-12-16T09:54:50Z" finished-at="2019-12-16T09:54:50Z">
          <params>
            <param index="0">
              <value>
                <![CDATA[public void com.wp.wpqa_64_verify_global_variables_CPT.VerifyGlobalVariables_CPT_HubPage.verify_featuredModule_Link5_1_CPT_HubPage() throws java.io.IOException,java.lang.InterruptedException]]>
              </value>
            </param>
          </params>
          <reporter-output>
          </reporter-output>
        </test-method> <!-- nameBefore -->
        <test-method status="PASS" signature="nameAfter(java.lang.reflect.Method)[pri:0, instance:com.wp.wpqa_64_verify_global_variables_CPT.VerifyGlobalVariables_CPT_HubPage@69e1dd28]" name="nameAfter" is-config="true" duration-ms="0" started-at="2019-12-16T09:55:55Z" finished-at="2019-12-16T09:55:55Z">
          <params>
            <param index="0">
              <value>
                <![CDATA[public void com.wp.wpqa_64_verify_global_variables_CPT.VerifyGlobalVariables_CPT_HubPage.verify_featuredModule_Link5_1_CPT_HubPage() throws java.io.IOException,java.lang.InterruptedException]]>
              </value>
            </param>
          </params>
          <reporter-output>
          </reporter-output>
        </test-method> <!-- nameAfter -->
        <test-method status="PASS" signature="verify_featuredModule_Image5_1_CPT_HubPage()[pri:0, instance:com.wp.wpqa_64_verify_global_variables_CPT.VerifyGlobalVariables_CPT_HubPage@69e1dd28]" name="verify_featuredModule_Image5_1_CPT_HubPage" duration-ms="96378" started-at="2019-12-16T09:55:55Z" depends-on-methods="com.wp.wpqa_64_verify_global_variables_CPT.VerifyGlobalVariables_CPT_HubPage.verify_featuredModule_Link5_1_CPT_HubPage" finished-at="2019-12-16T09:57:32Z">
          <reporter-output>
          </reporter-output>
        </test-method> <!-- verify_featuredModule_Image5_1_CPT_HubPage -->
        <test-method status="PASS" signature="nameBefore(java.lang.reflect.Method)[pri:0, instance:com.wp.wpqa_64_verify_global_variables_CPT.VerifyGlobalVariables_CPT_HubPage@69e1dd28]" name="nameBefore" is-config="true" duration-ms="0" started-at="2019-12-16T09:55:55Z" finished-at="2019-12-16T09:55:55Z">
          <params>
            <param index="0">
              <value>
                <![CDATA[public void com.wp.wpqa_64_verify_global_variables_CPT.VerifyGlobalVariables_CPT_HubPage.verify_featuredModule_Image5_1_CPT_HubPage() throws java.io.IOException,java.lang.InterruptedException]]>
              </value>
            </param>
          </params>
          <reporter-output>
          </reporter-output>
        </test-method> <!-- nameBefore -->
        <test-method status="PASS" signature="nameAfter(java.lang.reflect.Method)[pri:0, instance:com.wp.wpqa_64_verify_global_variables_CPT.VerifyGlobalVariables_CPT_HubPage@69e1dd28]" name="nameAfter" is-config="true" duration-ms="1" started-at="2019-12-16T09:57:32Z" finished-at="2019-12-16T09:57:32Z">
          <params>
            <param index="0">
              <value>
                <![CDATA[public void com.wp.wpqa_64_verify_global_variables_CPT.VerifyGlobalVariables_CPT_HubPage.verify_featuredModule_Image5_1_CPT_HubPage() throws java.io.IOException,java.lang.InterruptedException]]>
              </value>
            </param>
          </params>
          <reporter-output>
          </reporter-output>
        </test-method> <!-- nameAfter -->
        <test-method status="PASS" signature="nameBefore(java.lang.reflect.Method)[pri:0, instance:com.wp.wpqa_64_verify_global_variables_CPT.VerifyGlobalVariables_CPT_HubPage@69e1dd28]" name="nameBefore" is-config="true" duration-ms="1" started-at="2019-12-16T09:57:32Z" finished-at="2019-12-16T09:57:32Z">
          <params>
            <param index="0">
              <value>
                <![CDATA[public void com.wp.wpqa_64_verify_global_variables_CPT.VerifyGlobalVariables_CPT_HubPage.verify_featuredModule_Link4_2_CPT_HubPage() throws java.io.IOException,java.lang.InterruptedException]]>
              </value>
            </param>
          </params>
          <reporter-output>
          </reporter-output>
        </test-method> <!-- nameBefore -->
        <test-method status="FAIL" signature="verify_featuredModule_Link4_2_CPT_HubPage()[pri:0, instance:com.wp.wpqa_64_verify_global_variables_CPT.VerifyGlobalVariables_CPT_HubPage@69e1dd28]" name="verify_featuredModule_Link4_2_CPT_HubPage" duration-ms="28194" started-at="2019-12-16T09:57:32Z" depends-on-methods="com.wp.wpqa_64_verify_global_variables_CPT.VerifyGlobalVariables_CPT_HubPage.verify_featuredModule_Image5_1_CPT_HubPage" finished-at="2019-12-16T09:58:00Z">
          <exception class="java.lang.AssertionError">
            <message>
              <![CDATA[Feature module link is not working successfully on site :https://www.constructionprotips.com/jobsite-tips/ After clicking Feature module link, user navigates to : https://www.constructionprotips.com/tools-materials/heavy-equipment/how-to-tow-a-trailer-safely-and-avoid-disasters/ expected [true] but found [false]]]>
            </message>
            <full-stacktrace>
              <![CDATA[java.lang.AssertionError: Feature module link is not working successfully on site :https://www.constructionprotips.com/jobsite-tips/ After clicking Feature module link, user navigates to : https://www.constructionprotips.com/tools-materials/heavy-equipment/how-to-tow-a-trailer-safely-and-avoid-disasters/ expected [true] but found [false]
at org.testng.Assert.fail(Assert.java:96)
at org.testng.Assert.failNotEquals(Assert.java:776)
at org.testng.Assert.assertTrue(Assert.java:44)
at com.wp.pageObjectRepo.GlobalFunctions.verifyIsFeaturedModuleWorking(GlobalFunctions.java:578)
at com.wp.wpqa_64_verify_global_variables_CPT.VerifyGlobalVariables_CPT_HubPage.verify_featuredModule_Link4_2_CPT_HubPage(VerifyGlobalVariables_CPT_HubPage.java:229)
at sun.reflect.NativeMethodAccessorImpl.invoke0(Native Method)
at sun.reflect.NativeMethodAccessorImpl.invoke(NativeMethodAccessorImpl.java:62)
at sun.reflect.DelegatingMethodAccessorImpl.invoke(DelegatingMethodAccessorImpl.java:43)
at java.lang.reflect.Method.invoke(Method.java:498)
at org.testng.internal.MethodInvocationHelper.invokeMethod(MethodInvocationHelper.java:124)
at org.testng.internal.Invoker.invokeMethod(Invoker.java:583)
at org.testng.internal.Invoker.invokeTestMethod(Invoker.java:719)
at org.testng.internal.Invoker.invokeTestMethods(Invoker.java:989)
at org.testng.internal.TestMethodWorker.invokeTestMethods(TestMethodWorker.java:125)
at org.testng.internal.TestMethodWorker.run(TestMethodWorker.java:109)
at org.testng.TestRunner.privateRun(TestRunner.java:648)
at org.testng.TestRunner.run(TestRunner.java:505)
at org.testng.SuiteRunner.runTest(SuiteRunner.java:455)
at org.testng.SuiteRunner.runSequentially(SuiteRunner.java:450)
at org.testng.SuiteRunner.privateRun(SuiteRunner.java:415)
at org.testng.SuiteRunner.run(SuiteRunner.java:364)
at org.testng.SuiteRunnerWorker.runSuite(SuiteRunnerWorker.java:52)
at org.testng.SuiteRunnerWorker.run(SuiteRunnerWorker.java:84)
at org.testng.TestNG.runSuitesSequentially(TestNG.java:1208)
at org.testng.TestNG.runSuitesLocally(TestNG.java:1137)
at org.testng.TestNG.runSuites(TestNG.java:1049)
at org.testng.TestNG.run(TestNG.java:1017)
at org.testng.remote.AbstractRemoteTestNG.run(AbstractRemoteTestNG.java:114)
at org.testng.remote.RemoteTestNG.initAndRun(RemoteTestNG.java:251)
at org.testng.remote.RemoteTestNG.main(RemoteTestNG.java:77)
]]>
            </full-stacktrace>
          </exception> <!-- java.lang.AssertionError -->
          <reporter-output>
          </reporter-output>
        </test-method> <!-- verify_featuredModule_Link4_2_CPT_HubPage -->
        <test-method status="PASS" signature="nameAfter(java.lang.reflect.Method)[pri:0, instance:com.wp.wpqa_64_verify_global_variables_CPT.VerifyGlobalVariables_CPT_HubPage@69e1dd28]" name="nameAfter" is-config="true" duration-ms="1" started-at="2019-12-16T09:58:00Z" finished-at="2019-12-16T09:58:00Z">
          <params>
            <param index="0">
              <value>
                <![CDATA[public void com.wp.wpqa_64_verify_global_variables_CPT.VerifyGlobalVariables_CPT_HubPage.verify_featuredModule_Link4_2_CPT_HubPage() throws java.io.IOException,java.lang.InterruptedException]]>
              </value>
            </param>
          </params>
          <reporter-output>
          </reporter-output>
        </test-method> <!-- nameAfter -->
        <test-method status="PASS" signature="verify_featuredModule_Image4_2_CPT_HubPage()[pri:0, instance:com.wp.wpqa_64_verify_global_variables_CPT.VerifyGlobalVariables_CPT_HubPage@69e1dd28]" name="verify_featuredModule_Image4_2_CPT_HubPage" duration-ms="104023" started-at="2019-12-16T09:58:00Z" depends-on-methods="com.wp.wpqa_64_verify_global_variables_CPT.VerifyGlobalVariables_CPT_HubPage.verify_featuredModule_Link4_2_CPT_HubPage" finished-at="2019-12-16T09:59:44Z">
          <reporter-output>
          </reporter-output>
        </test-method> <!-- verify_featuredModule_Image4_2_CPT_HubPage -->
        <test-method status="PASS" signature="nameBefore(java.lang.reflect.Method)[pri:0, instance:com.wp.wpqa_64_verify_global_variables_CPT.VerifyGlobalVariables_CPT_HubPage@69e1dd28]" name="nameBefore" is-config="true" duration-ms="0" started-at="2019-12-16T09:58:00Z" finished-at="2019-12-16T09:58:00Z">
          <params>
            <param index="0">
              <value>
                <![CDATA[public void com.wp.wpqa_64_verify_global_variables_CPT.VerifyGlobalVariables_CPT_HubPage.verify_featuredModule_Image4_2_CPT_HubPage() throws java.io.IOException,java.lang.InterruptedException]]>
              </value>
            </param>
          </params>
          <reporter-output>
          </reporter-output>
        </test-method> <!-- nameBefore -->
        <test-method status="PASS" signature="nameAfter(java.lang.reflect.Method)[pri:0, instance:com.wp.wpqa_64_verify_global_variables_CPT.VerifyGlobalVariables_CPT_HubPage@69e1dd28]" name="nameAfter" is-config="true" duration-ms="1" started-at="2019-12-16T09:59:44Z" finished-at="2019-12-16T09:59:44Z">
          <params>
            <param index="0">
              <value>
                <![CDATA[public void com.wp.wpqa_64_verify_global_variables_CPT.VerifyGlobalVariables_CPT_HubPage.verify_featuredModule_Image4_2_CPT_HubPage() throws java.io.IOException,java.lang.InterruptedException]]>
              </value>
            </param>
          </params>
          <reporter-output>
          </reporter-output>
        </test-method> <!-- nameAfter -->
        <test-method status="PASS" signature="nameBefore(java.lang.reflect.Method)[pri:0, instance:com.wp.wpqa_64_verify_global_variables_CPT.VerifyGlobalVariables_CPT_HubPage@69e1dd28]" name="nameBefore" is-config="true" duration-ms="0" started-at="2019-12-16T09:59:44Z" finished-at="2019-12-16T09:59:44Z">
          <params>
            <param index="0">
              <value>
                <![CDATA[public void com.wp.wpqa_64_verify_global_variables_CPT.VerifyGlobalVariables_CPT_HubPage.verify_featuredModule_Link4_1_CPT_HubPage() throws java.io.IOException,java.lang.InterruptedException]]>
              </value>
            </param>
          </params>
          <reporter-output>
          </reporter-output>
        </test-method> <!-- nameBefore -->
        <test-method status="PASS" signature="verify_featuredModule_Link4_1_CPT_HubPage()[pri:0, instance:com.wp.wpqa_64_verify_global_variables_CPT.VerifyGlobalVariables_CPT_HubPage@69e1dd28]" name="verify_featuredModule_Link4_1_CPT_HubPage" duration-ms="54096" started-at="2019-12-16T09:59:44Z" depends-on-methods="com.wp.wpqa_64_verify_global_variables_CPT.VerifyGlobalVariables_CPT_HubPage.verify_featuredModule_Image4_2_CPT_HubPage" finished-at="2019-12-16T10:00:38Z">
          <reporter-output>
          </reporter-output>
        </test-method> <!-- verify_featuredModule_Link4_1_CPT_HubPage -->
        <test-method status="PASS" signature="nameAfter(java.lang.reflect.Method)[pri:0, instance:com.wp.wpqa_64_verify_global_variables_CPT.VerifyGlobalVariables_CPT_HubPage@69e1dd28]" name="nameAfter" is-config="true" duration-ms="1" started-at="2019-12-16T10:00:38Z" finished-at="2019-12-16T10:00:38Z">
          <params>
            <param index="0">
              <value>
                <![CDATA[public void com.wp.wpqa_64_verify_global_variables_CPT.VerifyGlobalVariables_CPT_HubPage.verify_featuredModule_Link4_1_CPT_HubPage() throws java.io.IOException,java.lang.InterruptedException]]>
              </value>
            </param>
          </params>
          <reporter-output>
          </reporter-output>
        </test-method> <!-- nameAfter -->
        <test-method status="PASS" signature="nameBefore(java.lang.reflect.Method)[pri:0, instance:com.wp.wpqa_64_verify_global_variables_CPT.VerifyGlobalVariables_CPT_HubPage@69e1dd28]" name="nameBefore" is-config="true" duration-ms="1" started-at="2019-12-16T10:00:38Z" finished-at="2019-12-16T10:00:38Z">
          <params>
            <param index="0">
              <value>
                <![CDATA[public void com.wp.wpqa_64_verify_global_variables_CPT.VerifyGlobalVariables_CPT_HubPage.verify_featuredModule_Image4_1_CPT_HubPage() throws java.io.IOException,java.lang.InterruptedException]]>
              </value>
            </param>
          </params>
          <reporter-output>
          </reporter-output>
        </test-method> <!-- nameBefore -->
        <test-method status="PASS" signature="verify_featuredModule_Image4_1_CPT_HubPage()[pri:0, instance:com.wp.wpqa_64_verify_global_variables_CPT.VerifyGlobalVariables_CPT_HubPage@69e1dd28]" name="verify_featuredModule_Image4_1_CPT_HubPage" duration-ms="103416" started-at="2019-12-16T10:00:38Z" depends-on-methods="com.wp.wpqa_64_verify_global_variables_CPT.VerifyGlobalVariables_CPT_HubPage.verify_featuredModule_Link4_1_CPT_HubPage" finished-at="2019-12-16T10:02:21Z">
          <reporter-output>
          </reporter-output>
        </test-method> <!-- verify_featuredModule_Image4_1_CPT_HubPage -->
        <test-method status="PASS" signature="nameAfter(java.lang.reflect.Method)[pri:0, instance:com.wp.wpqa_64_verify_global_variables_CPT.VerifyGlobalVariables_CPT_HubPage@69e1dd28]" name="nameAfter" is-config="true" duration-ms="1" started-at="2019-12-16T10:02:21Z" finished-at="2019-12-16T10:02:21Z">
          <params>
            <param index="0">
              <value>
                <![CDATA[public void com.wp.wpqa_64_verify_global_variables_CPT.VerifyGlobalVariables_CPT_HubPage.verify_featuredModule_Image4_1_CPT_HubPage() throws java.io.IOException,java.lang.InterruptedException]]>
              </value>
            </param>
          </params>
          <reporter-output>
          </reporter-output>
        </test-method> <!-- nameAfter -->
        <test-method status="PASS" signature="newsletterSignUpTest_CPT_HubPage()[pri:0, instance:com.wp.wpqa_64_verify_global_variables_CPT.VerifyGlobalVariables_CPT_HubPage@69e1dd28]" name="newsletterSignUpTest_CPT_HubPage" duration-ms="17566" started-at="2019-12-16T10:02:21Z" depends-on-methods="com.wp.wpqa_64_verify_global_variables_CPT.VerifyGlobalVariables_CPT_HubPage.verify_featuredModule_Image4_1_CPT_HubPage" finished-at="2019-12-16T10:02:39Z">
          <reporter-output>
          </reporter-output>
        </test-method> <!-- newsletterSignUpTest_CPT_HubPage -->
        <test-method status="PASS" signature="nameBefore(java.lang.reflect.Method)[pri:0, instance:com.wp.wpqa_64_verify_global_variables_CPT.VerifyGlobalVariables_CPT_HubPage@69e1dd28]" name="nameBefore" is-config="true" duration-ms="0" started-at="2019-12-16T10:02:21Z" finished-at="2019-12-16T10:02:21Z">
          <params>
            <param index="0">
              <value>
                <![CDATA[public void com.wp.wpqa_64_verify_global_variables_CPT.VerifyGlobalVariables_CPT_HubPage.newsletterSignUpTest_CPT_HubPage() throws java.io.IOException,java.lang.InterruptedException]]>
              </value>
            </param>
          </params>
          <reporter-output>
          </reporter-output>
        </test-method> <!-- nameBefore -->
        <test-method status="PASS" signature="nameAfter(java.lang.reflect.Method)[pri:0, instance:com.wp.wpqa_64_verify_global_variables_CPT.VerifyGlobalVariables_CPT_HubPage@69e1dd28]" name="nameAfter" is-config="true" duration-ms="0" started-at="2019-12-16T10:02:39Z" finished-at="2019-12-16T10:02:39Z">
          <params>
            <param index="0">
              <value>
                <![CDATA[public void com.wp.wpqa_64_verify_global_variables_CPT.VerifyGlobalVariables_CPT_HubPage.newsletterSignUpTest_CPT_HubPage() throws java.io.IOException,java.lang.InterruptedException]]>
              </value>
            </param>
          </params>
          <reporter-output>
          </reporter-output>
        </test-method> <!-- nameAfter -->
        <test-method status="PASS" signature="diyuLogoTest_CPT_HubPage()[pri:0, instance:com.wp.wpqa_64_verify_global_variables_CPT.VerifyGlobalVariables_CPT_HubPage@69e1dd28]" name="diyuLogoTest_CPT_HubPage" duration-ms="17811" started-at="2019-12-16T10:02:39Z" depends-on-methods="com.wp.wpqa_64_verify_global_variables_CPT.VerifyGlobalVariables_CPT_HubPage.newsletterSignUpTest_CPT_HubPage" finished-at="2019-12-16T10:02:57Z">
          <reporter-output>
          </reporter-output>
        </test-method> <!-- diyuLogoTest_CPT_HubPage -->
        <test-method status="PASS" signature="nameBefore(java.lang.reflect.Method)[pri:0, instance:com.wp.wpqa_64_verify_global_variables_CPT.VerifyGlobalVariables_CPT_HubPage@69e1dd28]" name="nameBefore" is-config="true" duration-ms="0" started-at="2019-12-16T10:02:39Z" finished-at="2019-12-16T10:02:39Z">
          <params>
            <param index="0">
              <value>
                <![CDATA[public void com.wp.wpqa_64_verify_global_variables_CPT.VerifyGlobalVariables_CPT_HubPage.diyuLogoTest_CPT_HubPage() throws java.io.IOException,java.lang.InterruptedException]]>
              </value>
            </param>
          </params>
          <reporter-output>
          </reporter-output>
        </test-method> <!-- nameBefore -->
        <test-method status="PASS" signature="nameAfter(java.lang.reflect.Method)[pri:0, instance:com.wp.wpqa_64_verify_global_variables_CPT.VerifyGlobalVariables_CPT_HubPage@69e1dd28]" name="nameAfter" is-config="true" duration-ms="0" started-at="2019-12-16T10:02:57Z" finished-at="2019-12-16T10:02:57Z">
          <params>
            <param index="0">
              <value>
                <![CDATA[public void com.wp.wpqa_64_verify_global_variables_CPT.VerifyGlobalVariables_CPT_HubPage.diyuLogoTest_CPT_HubPage() throws java.io.IOException,java.lang.InterruptedException]]>
              </value>
            </param>
          </params>
          <reporter-output>
          </reporter-output>
        </test-method> <!-- nameAfter -->
        <test-method status="PASS" signature="Pagination_CPT_HubPage()[pri:0, instance:com.wp.wpqa_64_verify_global_variables_CPT.VerifyGlobalVariables_CPT_HubPage@69e1dd28]" name="Pagination_CPT_HubPage" duration-ms="11295" started-at="2019-12-16T10:02:57Z" depends-on-methods="com.wp.wpqa_64_verify_global_variables_CPT.VerifyGlobalVariables_CPT_HubPage.diyuLogoTest_CPT_HubPage" finished-at="2019-12-16T10:03:08Z">
          <reporter-output>
          </reporter-output>
        </test-method> <!-- Pagination_CPT_HubPage -->
        <test-method status="PASS" signature="nameBefore(java.lang.reflect.Method)[pri:0, instance:com.wp.wpqa_64_verify_global_variables_CPT.VerifyGlobalVariables_CPT_HubPage@69e1dd28]" name="nameBefore" is-config="true" duration-ms="0" started-at="2019-12-16T10:02:57Z" finished-at="2019-12-16T10:02:57Z">
          <params>
            <param index="0">
              <value>
                <![CDATA[public void com.wp.wpqa_64_verify_global_variables_CPT.VerifyGlobalVariables_CPT_HubPage.Pagination_CPT_HubPage() throws java.io.IOException,java.lang.InterruptedException]]>
              </value>
            </param>
          </params>
          <reporter-output>
          </reporter-output>
        </test-method> <!-- nameBefore -->
        <test-method status="PASS" signature="nameAfter(java.lang.reflect.Method)[pri:0, instance:com.wp.wpqa_64_verify_global_variables_CPT.VerifyGlobalVariables_CPT_HubPage@69e1dd28]" name="nameAfter" is-config="true" duration-ms="1" started-at="2019-12-16T10:03:08Z" finished-at="2019-12-16T10:03:08Z">
          <params>
            <param index="0">
              <value>
                <![CDATA[public void com.wp.wpqa_64_verify_global_variables_CPT.VerifyGlobalVariables_CPT_HubPage.Pagination_CPT_HubPage() throws java.io.IOException,java.lang.InterruptedException]]>
              </value>
            </param>
          </params>
          <reporter-output>
          </reporter-output>
        </test-method> <!-- nameAfter -->
        <test-method status="PASS" signature="TeardownTest()[pri:0, instance:com.wp.wpqa_64_verify_global_variables_CPT.VerifyGlobalVariables_CPT_HubPage@69e1dd28]" name="TeardownTest" is-config="true" duration-ms="1716" started-at="2019-12-16T10:03:08Z" finished-at="2019-12-16T10:03:10Z">
          <reporter-output>
          </reporter-output>
        </test-method> <!-- TeardownTest -->
      </class> <!-- com.wp.wpqa_64_verify_global_variables_CPT.VerifyGlobalVariables_CPT_HubPage -->
      <class name="com.wp.wpqa_64_verify_global_variables_FHM.VerifyGlobalVariables_FHM_HomePage">
        <test-method status="PASS" signature="initialize()[pri:0, instance:com.wp.wpqa_64_verify_global_variables_FHM.VerifyGlobalVariables_FHM_HomePage@378542de]" name="initialize" is-config="true" duration-ms="7845" started-at="2019-12-16T09:28:41Z" finished-at="2019-12-16T09:28:49Z">
          <reporter-output>
          </reporter-output>
        </test-method> <!-- initialize -->
        <test-method status="PASS" signature="navigateToRequiredURL()[pri:0, instance:com.wp.wpqa_64_verify_global_variables_FHM.VerifyGlobalVariables_FHM_HomePage@378542de]" name="navigateToRequiredURL" is-config="true" duration-ms="60625" started-at="2019-12-16T09:28:49Z" finished-at="2019-12-16T09:29:50Z">
          <reporter-output>
          </reporter-output>
        </test-method> <!-- navigateToRequiredURL -->
        <test-method status="PASS" signature="nameBefore(java.lang.reflect.Method)[pri:0, instance:com.wp.wpqa_64_verify_global_variables_FHM.VerifyGlobalVariables_FHM_HomePage@378542de]" name="nameBefore" is-config="true" duration-ms="18" started-at="2019-12-16T09:29:50Z" finished-at="2019-12-16T09:29:50Z">
          <params>
            <param index="0">
              <value>
                <![CDATA[public void com.wp.wpqa_64_verify_global_variables_FHM.VerifyGlobalVariables_FHM_HomePage.verifyHeroContainerText_FHM_HomePage() throws java.io.IOException,java.lang.InterruptedException]]>
              </value>
            </param>
          </params>
          <reporter-output>
          </reporter-output>
        </test-method> <!-- nameBefore -->
        <test-method status="PASS" signature="verifyHeroContainerText_FHM_HomePage()[pri:0, instance:com.wp.wpqa_64_verify_global_variables_FHM.VerifyGlobalVariables_FHM_HomePage@378542de]" name="verifyHeroContainerText_FHM_HomePage" duration-ms="81710" started-at="2019-12-16T09:29:50Z" finished-at="2019-12-16T09:31:11Z">
          <reporter-output>
          </reporter-output>
        </test-method> <!-- verifyHeroContainerText_FHM_HomePage -->
        <test-method status="PASS" signature="nameAfter(java.lang.reflect.Method)[pri:0, instance:com.wp.wpqa_64_verify_global_variables_FHM.VerifyGlobalVariables_FHM_HomePage@378542de]" name="nameAfter" is-config="true" duration-ms="1" started-at="2019-12-16T09:31:11Z" finished-at="2019-12-16T09:31:11Z">
          <params>
            <param index="0">
              <value>
                <![CDATA[public void com.wp.wpqa_64_verify_global_variables_FHM.VerifyGlobalVariables_FHM_HomePage.verifyHeroContainerText_FHM_HomePage() throws java.io.IOException,java.lang.InterruptedException]]>
              </value>
            </param>
          </params>
          <reporter-output>
          </reporter-output>
        </test-method> <!-- nameAfter -->
        <test-method status="PASS" signature="nameBefore(java.lang.reflect.Method)[pri:0, instance:com.wp.wpqa_64_verify_global_variables_FHM.VerifyGlobalVariables_FHM_HomePage@378542de]" name="nameBefore" is-config="true" duration-ms="1" started-at="2019-12-16T09:31:11Z" finished-at="2019-12-16T09:31:11Z">
          <params>
            <param index="0">
              <value>
                <![CDATA[public void com.wp.wpqa_64_verify_global_variables_FHM.VerifyGlobalVariables_FHM_HomePage.verifyVideos_Clickable_FHM_HomePage() throws java.io.IOException,java.lang.InterruptedException]]>
              </value>
            </param>
          </params>
          <reporter-output>
          </reporter-output>
        </test-method> <!-- nameBefore -->
        <test-method status="PASS" signature="verifyVideos_Clickable_FHM_HomePage()[pri:0, instance:com.wp.wpqa_64_verify_global_variables_FHM.VerifyGlobalVariables_FHM_HomePage@378542de]" name="verifyVideos_Clickable_FHM_HomePage" duration-ms="20445" started-at="2019-12-16T09:31:11Z" finished-at="2019-12-16T09:31:32Z">
          <reporter-output>
          </reporter-output>
        </test-method> <!-- verifyVideos_Clickable_FHM_HomePage -->
        <test-method status="PASS" signature="nameAfter(java.lang.reflect.Method)[pri:0, instance:com.wp.wpqa_64_verify_global_variables_FHM.VerifyGlobalVariables_FHM_HomePage@378542de]" name="nameAfter" is-config="true" duration-ms="1" started-at="2019-12-16T09:31:32Z" finished-at="2019-12-16T09:31:32Z">
          <params>
            <param index="0">
              <value>
                <![CDATA[public void com.wp.wpqa_64_verify_global_variables_FHM.VerifyGlobalVariables_FHM_HomePage.verifyVideos_Clickable_FHM_HomePage() throws java.io.IOException,java.lang.InterruptedException]]>
              </value>
            </param>
          </params>
          <reporter-output>
          </reporter-output>
        </test-method> <!-- nameAfter -->
        <test-method status="PASS" signature="nameBefore(java.lang.reflect.Method)[pri:0, instance:com.wp.wpqa_64_verify_global_variables_FHM.VerifyGlobalVariables_FHM_HomePage@378542de]" name="nameBefore" is-config="true" duration-ms="1" started-at="2019-12-16T09:31:32Z" finished-at="2019-12-16T09:31:32Z">
          <params>
            <param index="0">
              <value>
                <![CDATA[public void com.wp.wpqa_64_verify_global_variables_FHM.VerifyGlobalVariables_FHM_HomePage.verifyHeroContainerImage_FHM_HomePage() throws java.io.IOException,java.lang.InterruptedException]]>
              </value>
            </param>
          </params>
          <reporter-output>
          </reporter-output>
        </test-method> <!-- nameBefore -->
        <test-method status="PASS" signature="verifyHeroContainerImage_FHM_HomePage()[pri:0, instance:com.wp.wpqa_64_verify_global_variables_FHM.VerifyGlobalVariables_FHM_HomePage@378542de]" name="verifyHeroContainerImage_FHM_HomePage" duration-ms="72880" started-at="2019-12-16T09:31:32Z" depends-on-methods="com.wp.wpqa_64_verify_global_variables_FHM.VerifyGlobalVariables_FHM_HomePage.verifyHeroContainerText_FHM_HomePage" finished-at="2019-12-16T09:32:45Z">
          <reporter-output>
          </reporter-output>
        </test-method> <!-- verifyHeroContainerImage_FHM_HomePage -->
        <test-method status="PASS" signature="nameAfter(java.lang.reflect.Method)[pri:0, instance:com.wp.wpqa_64_verify_global_variables_FHM.VerifyGlobalVariables_FHM_HomePage@378542de]" name="nameAfter" is-config="true" duration-ms="1" started-at="2019-12-16T09:32:45Z" finished-at="2019-12-16T09:32:45Z">
          <params>
            <param index="0">
              <value>
                <![CDATA[public void com.wp.wpqa_64_verify_global_variables_FHM.VerifyGlobalVariables_FHM_HomePage.verifyHeroContainerImage_FHM_HomePage() throws java.io.IOException,java.lang.InterruptedException]]>
              </value>
            </param>
          </params>
          <reporter-output>
          </reporter-output>
        </test-method> <!-- nameAfter -->
        <test-method status="PASS" signature="verifyWatchMoreVideos_FHM_HomePage()[pri:0, instance:com.wp.wpqa_64_verify_global_variables_FHM.VerifyGlobalVariables_FHM_HomePage@378542de]" name="verifyWatchMoreVideos_FHM_HomePage" duration-ms="89665" started-at="2019-12-16T09:32:45Z" depends-on-methods="com.wp.wpqa_64_verify_global_variables_FHM.VerifyGlobalVariables_FHM_HomePage.verifyVideos_Clickable_FHM_HomePage" finished-at="2019-12-16T09:34:14Z">
          <reporter-output>
          </reporter-output>
        </test-method> <!-- verifyWatchMoreVideos_FHM_HomePage -->
        <test-method status="PASS" signature="nameBefore(java.lang.reflect.Method)[pri:0, instance:com.wp.wpqa_64_verify_global_variables_FHM.VerifyGlobalVariables_FHM_HomePage@378542de]" name="nameBefore" is-config="true" duration-ms="0" started-at="2019-12-16T09:32:45Z" finished-at="2019-12-16T09:32:45Z">
          <params>
            <param index="0">
              <value>
                <![CDATA[public void com.wp.wpqa_64_verify_global_variables_FHM.VerifyGlobalVariables_FHM_HomePage.verifyWatchMoreVideos_FHM_HomePage() throws java.io.IOException,java.lang.InterruptedException]]>
              </value>
            </param>
          </params>
          <reporter-output>
          </reporter-output>
        </test-method> <!-- nameBefore -->
        <test-method status="PASS" signature="nameAfter(java.lang.reflect.Method)[pri:0, instance:com.wp.wpqa_64_verify_global_variables_FHM.VerifyGlobalVariables_FHM_HomePage@378542de]" name="nameAfter" is-config="true" duration-ms="1" started-at="2019-12-16T09:34:14Z" finished-at="2019-12-16T09:34:14Z">
          <params>
            <param index="0">
              <value>
                <![CDATA[public void com.wp.wpqa_64_verify_global_variables_FHM.VerifyGlobalVariables_FHM_HomePage.verifyWatchMoreVideos_FHM_HomePage() throws java.io.IOException,java.lang.InterruptedException]]>
              </value>
            </param>
          </params>
          <reporter-output>
          </reporter-output>
        </test-method> <!-- nameAfter -->
        <test-method status="PASS" signature="nameBefore(java.lang.reflect.Method)[pri:0, instance:com.wp.wpqa_64_verify_global_variables_FHM.VerifyGlobalVariables_FHM_HomePage@378542de]" name="nameBefore" is-config="true" duration-ms="0" started-at="2019-12-16T09:34:14Z" finished-at="2019-12-16T09:34:14Z">
          <params>
            <param index="0">
              <value>
                <![CDATA[public void com.wp.wpqa_64_verify_global_variables_FHM.VerifyGlobalVariables_FHM_HomePage.verifySpotLightSection_FHM_HomePage() throws java.io.IOException,java.lang.InterruptedException]]>
              </value>
            </param>
          </params>
          <reporter-output>
          </reporter-output>
        </test-method> <!-- nameBefore -->
        <test-method status="PASS" signature="verifySpotLightSection_FHM_HomePage()[pri:0, instance:com.wp.wpqa_64_verify_global_variables_FHM.VerifyGlobalVariables_FHM_HomePage@378542de]" name="verifySpotLightSection_FHM_HomePage" duration-ms="260407" started-at="2019-12-16T09:34:14Z" depends-on-methods="com.wp.wpqa_64_verify_global_variables_FHM.VerifyGlobalVariables_FHM_HomePage.verifyHeroContainerImage_FHM_HomePage" finished-at="2019-12-16T09:38:35Z">
          <reporter-output>
          </reporter-output>
        </test-method> <!-- verifySpotLightSection_FHM_HomePage -->
        <test-method status="PASS" signature="nameAfter(java.lang.reflect.Method)[pri:0, instance:com.wp.wpqa_64_verify_global_variables_FHM.VerifyGlobalVariables_FHM_HomePage@378542de]" name="nameAfter" is-config="true" duration-ms="0" started-at="2019-12-16T09:38:35Z" finished-at="2019-12-16T09:38:35Z">
          <params>
            <param index="0">
              <value>
                <![CDATA[public void com.wp.wpqa_64_verify_global_variables_FHM.VerifyGlobalVariables_FHM_HomePage.verifySpotLightSection_FHM_HomePage() throws java.io.IOException,java.lang.InterruptedException]]>
              </value>
            </param>
          </params>
          <reporter-output>
          </reporter-output>
        </test-method> <!-- nameAfter -->
        <test-method status="PASS" signature="verifyNativoAd_FHM_HomePage()[pri:0, instance:com.wp.wpqa_64_verify_global_variables_FHM.VerifyGlobalVariables_FHM_HomePage@378542de]" name="verifyNativoAd_FHM_HomePage" duration-ms="691" started-at="2019-12-16T09:38:35Z" depends-on-methods="com.wp.wpqa_64_verify_global_variables_FHM.VerifyGlobalVariables_FHM_HomePage.verifyWatchMoreVideos_FHM_HomePage" finished-at="2019-12-16T09:38:35Z">
          <reporter-output>
          </reporter-output>
        </test-method> <!-- verifyNativoAd_FHM_HomePage -->
        <test-method status="PASS" signature="nameBefore(java.lang.reflect.Method)[pri:0, instance:com.wp.wpqa_64_verify_global_variables_FHM.VerifyGlobalVariables_FHM_HomePage@378542de]" name="nameBefore" is-config="true" duration-ms="0" started-at="2019-12-16T09:38:35Z" finished-at="2019-12-16T09:38:35Z">
          <params>
            <param index="0">
              <value>
                <![CDATA[public void com.wp.wpqa_64_verify_global_variables_FHM.VerifyGlobalVariables_FHM_HomePage.verifyNativoAd_FHM_HomePage() throws java.io.IOException,java.lang.InterruptedException]]>
              </value>
            </param>
          </params>
          <reporter-output>
          </reporter-output>
        </test-method> <!-- nameBefore -->
        <test-method status="PASS" signature="nameAfter(java.lang.reflect.Method)[pri:0, instance:com.wp.wpqa_64_verify_global_variables_FHM.VerifyGlobalVariables_FHM_HomePage@378542de]" name="nameAfter" is-config="true" duration-ms="1" started-at="2019-12-16T09:38:35Z" finished-at="2019-12-16T09:38:35Z">
          <params>
            <param index="0">
              <value>
                <![CDATA[public void com.wp.wpqa_64_verify_global_variables_FHM.VerifyGlobalVariables_FHM_HomePage.verifyNativoAd_FHM_HomePage() throws java.io.IOException,java.lang.InterruptedException]]>
              </value>
            </param>
          </params>
          <reporter-output>
          </reporter-output>
        </test-method> <!-- nameAfter -->
        <test-method status="PASS" signature="nameBefore(java.lang.reflect.Method)[pri:0, instance:com.wp.wpqa_64_verify_global_variables_FHM.VerifyGlobalVariables_FHM_HomePage@378542de]" name="nameBefore" is-config="true" duration-ms="1" started-at="2019-12-16T09:38:35Z" finished-at="2019-12-16T09:38:35Z">
          <params>
            <param index="0">
              <value>
                <![CDATA[public void com.wp.wpqa_64_verify_global_variables_FHM.VerifyGlobalVariables_FHM_HomePage.verifyVideoContainerAvailable_FHM_HomePage() throws java.io.IOException,java.lang.InterruptedException]]>
              </value>
            </param>
          </params>
          <reporter-output>
          </reporter-output>
        </test-method> <!-- nameBefore -->
        <test-method status="PASS" signature="verifyVideoContainerAvailable_FHM_HomePage()[pri:0, instance:com.wp.wpqa_64_verify_global_variables_FHM.VerifyGlobalVariables_FHM_HomePage@378542de]" name="verifyVideoContainerAvailable_FHM_HomePage" duration-ms="194" started-at="2019-12-16T09:38:35Z" depends-on-methods="com.wp.wpqa_64_verify_global_variables_FHM.VerifyGlobalVariables_FHM_HomePage.verifySpotLightSection_FHM_HomePage" finished-at="2019-12-16T09:38:36Z">
          <reporter-output>
          </reporter-output>
        </test-method> <!-- verifyVideoContainerAvailable_FHM_HomePage -->
        <test-method status="PASS" signature="nameAfter(java.lang.reflect.Method)[pri:0, instance:com.wp.wpqa_64_verify_global_variables_FHM.VerifyGlobalVariables_FHM_HomePage@378542de]" name="nameAfter" is-config="true" duration-ms="0" started-at="2019-12-16T09:38:36Z" finished-at="2019-12-16T09:38:36Z">
          <params>
            <param index="0">
              <value>
                <![CDATA[public void com.wp.wpqa_64_verify_global_variables_FHM.VerifyGlobalVariables_FHM_HomePage.verifyVideoContainerAvailable_FHM_HomePage() throws java.io.IOException,java.lang.InterruptedException]]>
              </value>
            </param>
          </params>
          <reporter-output>
          </reporter-output>
        </test-method> <!-- nameAfter -->
        <test-method status="PASS" signature="verifyNativoAdImageWorking_FHM_HomePage()[pri:0, instance:com.wp.wpqa_64_verify_global_variables_FHM.VerifyGlobalVariables_FHM_HomePage@378542de]" name="verifyNativoAdImageWorking_FHM_HomePage" duration-ms="66750" started-at="2019-12-16T09:38:36Z" depends-on-methods="com.wp.wpqa_64_verify_global_variables_FHM.VerifyGlobalVariables_FHM_HomePage.verifyNativoAd_FHM_HomePage" finished-at="2019-12-16T09:39:42Z">
          <reporter-output>
          </reporter-output>
        </test-method> <!-- verifyNativoAdImageWorking_FHM_HomePage -->
        <test-method status="PASS" signature="nameBefore(java.lang.reflect.Method)[pri:0, instance:com.wp.wpqa_64_verify_global_variables_FHM.VerifyGlobalVariables_FHM_HomePage@378542de]" name="nameBefore" is-config="true" duration-ms="0" started-at="2019-12-16T09:38:36Z" finished-at="2019-12-16T09:38:36Z">
          <params>
            <param index="0">
              <value>
                <![CDATA[public void com.wp.wpqa_64_verify_global_variables_FHM.VerifyGlobalVariables_FHM_HomePage.verifyNativoAdImageWorking_FHM_HomePage() throws java.io.IOException,java.lang.InterruptedException]]>
              </value>
            </param>
          </params>
          <reporter-output>
          </reporter-output>
        </test-method> <!-- nameBefore -->
        <test-method status="PASS" signature="nameAfter(java.lang.reflect.Method)[pri:0, instance:com.wp.wpqa_64_verify_global_variables_FHM.VerifyGlobalVariables_FHM_HomePage@378542de]" name="nameAfter" is-config="true" duration-ms="0" started-at="2019-12-16T09:39:42Z" finished-at="2019-12-16T09:39:42Z">
          <params>
            <param index="0">
              <value>
                <![CDATA[public void com.wp.wpqa_64_verify_global_variables_FHM.VerifyGlobalVariables_FHM_HomePage.verifyNativoAdImageWorking_FHM_HomePage() throws java.io.IOException,java.lang.InterruptedException]]>
              </value>
            </param>
          </params>
          <reporter-output>
          </reporter-output>
        </test-method> <!-- nameAfter -->
        <test-method status="PASS" signature="nameBefore(java.lang.reflect.Method)[pri:0, instance:com.wp.wpqa_64_verify_global_variables_FHM.VerifyGlobalVariables_FHM_HomePage@378542de]" name="nameBefore" is-config="true" duration-ms="0" started-at="2019-12-16T09:39:42Z" finished-at="2019-12-16T09:39:42Z">
          <params>
            <param index="0">
              <value>
                <![CDATA[public void com.wp.wpqa_64_verify_global_variables_FHM.VerifyGlobalVariables_FHM_HomePage.verifyNativoAdLinkWorking_FHM_HomePage() throws java.io.IOException,java.lang.InterruptedException]]>
              </value>
            </param>
          </params>
          <reporter-output>
          </reporter-output>
        </test-method> <!-- nameBefore -->
        <test-method status="PASS" signature="verifyNativoAdLinkWorking_FHM_HomePage()[pri:0, instance:com.wp.wpqa_64_verify_global_variables_FHM.VerifyGlobalVariables_FHM_HomePage@378542de]" name="verifyNativoAdLinkWorking_FHM_HomePage" duration-ms="66841" started-at="2019-12-16T09:39:42Z" depends-on-methods="com.wp.wpqa_64_verify_global_variables_FHM.VerifyGlobalVariables_FHM_HomePage.verifyNativoAdImageWorking_FHM_HomePage" finished-at="2019-12-16T09:40:49Z">
          <reporter-output>
          </reporter-output>
        </test-method> <!-- verifyNativoAdLinkWorking_FHM_HomePage -->
        <test-method status="PASS" signature="nameAfter(java.lang.reflect.Method)[pri:0, instance:com.wp.wpqa_64_verify_global_variables_FHM.VerifyGlobalVariables_FHM_HomePage@378542de]" name="nameAfter" is-config="true" duration-ms="0" started-at="2019-12-16T09:40:49Z" finished-at="2019-12-16T09:40:49Z">
          <params>
            <param index="0">
[...]
              </value>
            </param>
          </params>
          <reporter-output>
          </reporter-output>
        </test-method> <!-- nameAfter -->
        <test-method status="PASS" signature="verifycardImageCredit_CPT_ListiclePage()[pri:0, instance:com.wp.wpqa_64_verify_global_variables_CPT.VerifyGlobalVariables_CPT_ListiclePage@3738449f]" name="verifycardImageCredit_CPT_ListiclePage" duration-ms="91" started-at="2019-12-16T09:53:55Z" depends-on-methods="com.wp.wpqa_64_verify_global_variables_CPT.VerifyGlobalVariables_CPT_ListiclePage.verifycardPageCount_CPT_ListiclePage" finished-at="2019-12-16T09:53:55Z">
          <reporter-output>
          </reporter-output>
        </test-method> <!-- verifycardImageCredit_CPT_ListiclePage -->
        <test-method status="PASS" signature="nameBefore(java.lang.reflect.Method)[pri:0, instance:com.wp.wpqa_64_verify_global_variables_CPT.VerifyGlobalVariables_CPT_ListiclePage@3738449f]" name="nameBefore" is-config="true" duration-ms="0" started-at="2019-12-16T09:53:55Z" finished-at="2019-12-16T09:53:55Z">
          <params>
            <param index="0">
              <value>
                <![CDATA[public void com.wp.wpqa_64_verify_global_variables_CPT.VerifyGlobalVariables_CPT_ListiclePage.verifycardImageCredit_CPT_ListiclePage() throws java.lang.InterruptedException,java.io.IOException]]>
              </value>
            </param>
          </params>
          <reporter-output>
          </reporter-output>
        </test-method> <!-- nameBefore -->
        <test-method status="PASS" signature="nameAfter(java.lang.reflect.Method)[pri:0, instance:com.wp.wpqa_64_verify_global_variables_CPT.VerifyGlobalVariables_CPT_ListiclePage@3738449f]" name="nameAfter" is-config="true" duration-ms="0" started-at="2019-12-16T09:53:55Z" finished-at="2019-12-16T09:53:55Z">
          <params>
            <param index="0">
              <value>
                <![CDATA[public void com.wp.wpqa_64_verify_global_variables_CPT.VerifyGlobalVariables_CPT_ListiclePage.verifycardImageCredit_CPT_ListiclePage() throws java.lang.InterruptedException,java.io.IOException]]>
              </value>
            </param>
          </params>
          <reporter-output>
          </reporter-output>
        </test-method> <!-- nameAfter -->
        <test-method status="PASS" signature="nameBefore(java.lang.reflect.Method)[pri:0, instance:com.wp.wpqa_64_verify_global_variables_CPT.VerifyGlobalVariables_CPT_ListiclePage@3738449f]" name="nameBefore" is-config="true" duration-ms="0" started-at="2019-12-16T09:53:55Z" finished-at="2019-12-16T09:53:55Z">
          <params>
            <param index="0">
              <value>
                <![CDATA[public void com.wp.wpqa_64_verify_global_variables_CPT.VerifyGlobalVariables_CPT_ListiclePage.verifycardTitle_CPT_ListiclePage() throws java.lang.InterruptedException,java.io.IOException]]>
              </value>
            </param>
          </params>
          <reporter-output>
          </reporter-output>
        </test-method> <!-- nameBefore -->
        <test-method status="PASS" signature="verifycardTitle_CPT_ListiclePage()[pri:0, instance:com.wp.wpqa_64_verify_global_variables_CPT.VerifyGlobalVariables_CPT_ListiclePage@3738449f]" name="verifycardTitle_CPT_ListiclePage" duration-ms="72" started-at="2019-12-16T09:53:55Z" depends-on-methods="com.wp.wpqa_64_verify_global_variables_CPT.VerifyGlobalVariables_CPT_ListiclePage.verifycardImageCredit_CPT_ListiclePage" finished-at="2019-12-16T09:53:55Z">
          <reporter-output>
          </reporter-output>
        </test-method> <!-- verifycardTitle_CPT_ListiclePage -->
        <test-method status="PASS" signature="nameAfter(java.lang.reflect.Method)[pri:0, instance:com.wp.wpqa_64_verify_global_variables_CPT.VerifyGlobalVariables_CPT_ListiclePage@3738449f]" name="nameAfter" is-config="true" duration-ms="0" started-at="2019-12-16T09:53:55Z" finished-at="2019-12-16T09:53:55Z">
          <params>
            <param index="0">
              <value>
                <![CDATA[public void com.wp.wpqa_64_verify_global_variables_CPT.VerifyGlobalVariables_CPT_ListiclePage.verifycardTitle_CPT_ListiclePage() throws java.lang.InterruptedException,java.io.IOException]]>
              </value>
            </param>
          </params>
          <reporter-output>
          </reporter-output>
        </test-method> <!-- nameAfter -->
        <test-method status="PASS" signature="nameBefore(java.lang.reflect.Method)[pri:0, instance:com.wp.wpqa_64_verify_global_variables_CPT.VerifyGlobalVariables_CPT_ListiclePage@3738449f]" name="nameBefore" is-config="true" duration-ms="0" started-at="2019-12-16T09:53:55Z" finished-at="2019-12-16T09:53:55Z">
          <params>
            <param index="0">
              <value>
                <![CDATA[public void com.wp.wpqa_64_verify_global_variables_CPT.VerifyGlobalVariables_CPT_ListiclePage.verifycardCaption_CPT_ListiclePage() throws java.lang.InterruptedException,java.io.IOException]]>
              </value>
            </param>
          </params>
          <reporter-output>
          </reporter-output>
        </test-method> <!-- nameBefore -->
        <test-method status="PASS" signature="verifycardCaption_CPT_ListiclePage()[pri:0, instance:com.wp.wpqa_64_verify_global_variables_CPT.VerifyGlobalVariables_CPT_ListiclePage@3738449f]" name="verifycardCaption_CPT_ListiclePage" duration-ms="171" started-at="2019-12-16T09:53:55Z" depends-on-methods="com.wp.wpqa_64_verify_global_variables_CPT.VerifyGlobalVariables_CPT_ListiclePage.verifycardTitle_CPT_ListiclePage" finished-at="2019-12-16T09:53:56Z">
          <reporter-output>
          </reporter-output>
        </test-method> <!-- verifycardCaption_CPT_ListiclePage -->
        <test-method status="PASS" signature="nameAfter(java.lang.reflect.Method)[pri:0, instance:com.wp.wpqa_64_verify_global_variables_CPT.VerifyGlobalVariables_CPT_ListiclePage@3738449f]" name="nameAfter" is-config="true" duration-ms="1" started-at="2019-12-16T09:53:56Z" finished-at="2019-12-16T09:53:56Z">
          <params>
            <param index="0">
              <value>
                <![CDATA[public void com.wp.wpqa_64_verify_global_variables_CPT.VerifyGlobalVariables_CPT_ListiclePage.verifycardCaption_CPT_ListiclePage() throws java.lang.InterruptedException,java.io.IOException]]>
              </value>
            </param>
          </params>
          <reporter-output>
          </reporter-output>
        </test-method> <!-- nameAfter -->
        <test-method status="PASS" signature="nameBefore(java.lang.reflect.Method)[pri:0, instance:com.wp.wpqa_64_verify_global_variables_CPT.VerifyGlobalVariables_CPT_ListiclePage@3738449f]" name="nameBefore" is-config="true" duration-ms="0" started-at="2019-12-16T09:53:56Z" finished-at="2019-12-16T09:53:56Z">
          <params>
            <param index="0">
              <value>
                <![CDATA[public void com.wp.wpqa_64_verify_global_variables_CPT.VerifyGlobalVariables_CPT_ListiclePage.verifyPostDate_CPT_ListiclePage() throws java.lang.InterruptedException,java.io.IOException]]>
              </value>
            </param>
          </params>
          <reporter-output>
          </reporter-output>
        </test-method> <!-- nameBefore -->
        <test-method status="PASS" signature="verifyPostDate_CPT_ListiclePage()[pri:0, instance:com.wp.wpqa_64_verify_global_variables_CPT.VerifyGlobalVariables_CPT_ListiclePage@3738449f]" name="verifyPostDate_CPT_ListiclePage" duration-ms="75" started-at="2019-12-16T09:53:56Z" depends-on-methods="com.wp.wpqa_64_verify_global_variables_CPT.VerifyGlobalVariables_CPT_ListiclePage.verifycardCaption_CPT_ListiclePage" finished-at="2019-12-16T09:53:56Z">
          <reporter-output>
          </reporter-output>
        </test-method> <!-- verifyPostDate_CPT_ListiclePage -->
        <test-method status="PASS" signature="nameBefore(java.lang.reflect.Method)[pri:0, instance:com.wp.wpqa_64_verify_global_variables_CPT.VerifyGlobalVariables_CPT_ListiclePage@3738449f]" name="nameBefore" is-config="true" duration-ms="1" started-at="2019-12-16T09:53:56Z" finished-at="2019-12-16T09:53:56Z">
          <params>
            <param index="0">
              <value>
                <![CDATA[public void com.wp.wpqa_64_verify_global_variables_CPT.VerifyGlobalVariables_CPT_ListiclePage.verifyOriginallyPublishedBrand_CPT_ListiclePage() throws java.lang.InterruptedException,java.io.IOException]]>
              </value>
            </param>
          </params>
          <reporter-output>
          </reporter-output>
        </test-method> <!-- nameBefore -->
        <test-method status="PASS" signature="nameAfter(java.lang.reflect.Method)[pri:0, instance:com.wp.wpqa_64_verify_global_variables_CPT.VerifyGlobalVariables_CPT_ListiclePage@3738449f]" name="nameAfter" is-config="true" duration-ms="0" started-at="2019-12-16T09:53:56Z" finished-at="2019-12-16T09:53:56Z">
          <params>
            <param index="0">
              <value>
                <![CDATA[public void com.wp.wpqa_64_verify_global_variables_CPT.VerifyGlobalVariables_CPT_ListiclePage.verifyPostDate_CPT_ListiclePage() throws java.lang.InterruptedException,java.io.IOException]]>
              </value>
            </param>
          </params>
          <reporter-output>
          </reporter-output>
        </test-method> <!-- nameAfter -->
        <test-method status="PASS" signature="verifyOriginallyPublishedBrand_CPT_ListiclePage()[pri:0, instance:com.wp.wpqa_64_verify_global_variables_CPT.VerifyGlobalVariables_CPT_ListiclePage@3738449f]" name="verifyOriginallyPublishedBrand_CPT_ListiclePage" duration-ms="63" started-at="2019-12-16T09:53:56Z" depends-on-methods="com.wp.wpqa_64_verify_global_variables_CPT.VerifyGlobalVariables_CPT_ListiclePage.verifyPostDate_CPT_ListiclePage" finished-at="2019-12-16T09:53:56Z">
          <reporter-output>
          </reporter-output>
        </test-method> <!-- verifyOriginallyPublishedBrand_CPT_ListiclePage -->
        <test-method status="PASS" signature="nameAfter(java.lang.reflect.Method)[pri:0, instance:com.wp.wpqa_64_verify_global_variables_CPT.VerifyGlobalVariables_CPT_ListiclePage@3738449f]" name="nameAfter" is-config="true" duration-ms="1" started-at="2019-12-16T09:53:56Z" finished-at="2019-12-16T09:53:56Z">
          <params>
            <param index="0">
              <value>
                <![CDATA[public void com.wp.wpqa_64_verify_global_variables_CPT.VerifyGlobalVariables_CPT_ListiclePage.verifyOriginallyPublishedBrand_CPT_ListiclePage() throws java.lang.InterruptedException,java.io.IOException]]>
              </value>
            </param>
          </params>
          <reporter-output>
          </reporter-output>
        </test-method> <!-- nameAfter -->
        <test-method status="PASS" signature="nameBefore(java.lang.reflect.Method)[pri:0, instance:com.wp.wpqa_64_verify_global_variables_CPT.VerifyGlobalVariables_CPT_ListiclePage@3738449f]" name="nameBefore" is-config="true" duration-ms="1" started-at="2019-12-16T09:53:56Z" finished-at="2019-12-16T09:53:56Z">
          <params>
            <param index="0">
              <value>
                <![CDATA[public void com.wp.wpqa_64_verify_global_variables_CPT.VerifyGlobalVariables_CPT_ListiclePage.verifyOriginallyPublishedURL_CPT_ListiclePage() throws java.lang.InterruptedException,java.io.IOException]]>
              </value>
            </param>
          </params>
          <reporter-output>
          </reporter-output>
        </test-method> <!-- nameBefore -->
        <test-method status="PASS" signature="verifyOriginallyPublishedURL_CPT_ListiclePage()[pri:0, instance:com.wp.wpqa_64_verify_global_variables_CPT.VerifyGlobalVariables_CPT_ListiclePage@3738449f]" name="verifyOriginallyPublishedURL_CPT_ListiclePage" duration-ms="83" started-at="2019-12-16T09:53:56Z" depends-on-methods="com.wp.wpqa_64_verify_global_variables_CPT.VerifyGlobalVariables_CPT_ListiclePage.verifyOriginallyPublishedBrand_CPT_ListiclePage" finished-at="2019-12-16T09:53:56Z">
          <reporter-output>
          </reporter-output>
        </test-method> <!-- verifyOriginallyPublishedURL_CPT_ListiclePage -->
        <test-method status="PASS" signature="nameAfter(java.lang.reflect.Method)[pri:0, instance:com.wp.wpqa_64_verify_global_variables_CPT.VerifyGlobalVariables_CPT_ListiclePage@3738449f]" name="nameAfter" is-config="true" duration-ms="0" started-at="2019-12-16T09:53:56Z" finished-at="2019-12-16T09:53:56Z">
          <params>
            <param index="0">
              <value>
                <![CDATA[public void com.wp.wpqa_64_verify_global_variables_CPT.VerifyGlobalVariables_CPT_ListiclePage.verifyOriginallyPublishedURL_CPT_ListiclePage() throws java.lang.InterruptedException,java.io.IOException]]>
              </value>
            </param>
          </params>
          <reporter-output>
          </reporter-output>
        </test-method> <!-- nameAfter -->
        <test-method status="PASS" signature="nameBefore(java.lang.reflect.Method)[pri:0, instance:com.wp.wpqa_64_verify_global_variables_CPT.VerifyGlobalVariables_CPT_ListiclePage@3738449f]" name="nameBefore" is-config="true" duration-ms="88" started-at="2019-12-16T09:53:56Z" finished-at="2019-12-16T09:53:56Z">
          <params>
            <param index="0">
              <value>
                <![CDATA[public void com.wp.wpqa_64_verify_global_variables_CPT.VerifyGlobalVariables_CPT_ListiclePage.verifyTaboolaContainer_CPT_ListiclePage() throws java.lang.InterruptedException,java.io.IOException]]>
              </value>
            </param>
          </params>
          <reporter-output>
          </reporter-output>
        </test-method> <!-- nameBefore -->
        <test-method status="PASS" signature="verifyTaboolaContainer_CPT_ListiclePage()[pri:0, instance:com.wp.wpqa_64_verify_global_variables_CPT.VerifyGlobalVariables_CPT_ListiclePage@3738449f]" name="verifyTaboolaContainer_CPT_ListiclePage" duration-ms="1842" started-at="2019-12-16T09:53:56Z" depends-on-methods="com.wp.wpqa_64_verify_global_variables_CPT.VerifyGlobalVariables_CPT_ListiclePage.verifyOriginallyPublishedURL_CPT_ListiclePage" finished-at="2019-12-16T09:53:58Z">
          <reporter-output>
          </reporter-output>
        </test-method> <!-- verifyTaboolaContainer_CPT_ListiclePage -->
        <test-method status="PASS" signature="nameAfter(java.lang.reflect.Method)[pri:0, instance:com.wp.wpqa_64_verify_global_variables_CPT.VerifyGlobalVariables_CPT_ListiclePage@3738449f]" name="nameAfter" is-config="true" duration-ms="1" started-at="2019-12-16T09:53:58Z" finished-at="2019-12-16T09:53:58Z">
          <params>
            <param index="0">
              <value>
                <![CDATA[public void com.wp.wpqa_64_verify_global_variables_CPT.VerifyGlobalVariables_CPT_ListiclePage.verifyTaboolaContainer_CPT_ListiclePage() throws java.lang.InterruptedException,java.io.IOException]]>
              </value>
            </param>
          </params>
          <reporter-output>
          </reporter-output>
        </test-method> <!-- nameAfter -->
        <test-method status="PASS" signature="nameBefore(java.lang.reflect.Method)[pri:0, instance:com.wp.wpqa_64_verify_global_variables_CPT.VerifyGlobalVariables_CPT_ListiclePage@3738449f]" name="nameBefore" is-config="true" duration-ms="0" started-at="2019-12-16T09:53:58Z" finished-at="2019-12-16T09:53:58Z">
          <params>
            <param index="0">
              <value>
                <![CDATA[public void com.wp.wpqa_64_verify_global_variables_CPT.VerifyGlobalVariables_CPT_ListiclePage.verifyTaboolaSidebar_CPT_ListiclePage() throws java.lang.InterruptedException,java.io.IOException]]>
              </value>
            </param>
          </params>
          <reporter-output>
          </reporter-output>
        </test-method> <!-- nameBefore -->
        <test-method status="PASS" signature="verifyTaboolaSidebar_CPT_ListiclePage()[pri:0, instance:com.wp.wpqa_64_verify_global_variables_CPT.VerifyGlobalVariables_CPT_ListiclePage@3738449f]" name="verifyTaboolaSidebar_CPT_ListiclePage" duration-ms="54" started-at="2019-12-16T09:53:58Z" depends-on-methods="com.wp.wpqa_64_verify_global_variables_CPT.VerifyGlobalVariables_CPT_ListiclePage.verifyTaboolaContainer_CPT_ListiclePage" finished-at="2019-12-16T09:53:58Z">
          <reporter-output>
          </reporter-output>
        </test-method> <!-- verifyTaboolaSidebar_CPT_ListiclePage -->
        <test-method status="PASS" signature="nameAfter(java.lang.reflect.Method)[pri:0, instance:com.wp.wpqa_64_verify_global_variables_CPT.VerifyGlobalVariables_CPT_ListiclePage@3738449f]" name="nameAfter" is-config="true" duration-ms="0" started-at="2019-12-16T09:53:58Z" finished-at="2019-12-16T09:53:58Z">
          <params>
            <param index="0">
              <value>
                <![CDATA[public void com.wp.wpqa_64_verify_global_variables_CPT.VerifyGlobalVariables_CPT_ListiclePage.verifyTaboolaSidebar_CPT_ListiclePage() throws java.lang.InterruptedException,java.io.IOException]]>
              </value>
            </param>
          </params>
          <reporter-output>
          </reporter-output>
        </test-method> <!-- nameAfter -->
        <test-method status="PASS" signature="nameBefore(java.lang.reflect.Method)[pri:0, instance:com.wp.wpqa_64_verify_global_variables_CPT.VerifyGlobalVariables_CPT_ListiclePage@3738449f]" name="nameBefore" is-config="true" duration-ms="0" started-at="2019-12-16T09:53:58Z" finished-at="2019-12-16T09:53:58Z">
          <params>
            <param index="0">
              <value>
                <![CDATA[public void com.wp.wpqa_64_verify_global_variables_CPT.VerifyGlobalVariables_CPT_ListiclePage.verifyCardCount_CPT_ListiclePage() throws java.lang.InterruptedException,java.io.IOException]]>
              </value>
            </param>
          </params>
          <reporter-output>
          </reporter-output>
        </test-method> <!-- nameBefore -->
        <test-method status="PASS" signature="verifyCardCount_CPT_ListiclePage()[pri:0, instance:com.wp.wpqa_64_verify_global_variables_CPT.VerifyGlobalVariables_CPT_ListiclePage@3738449f]" name="verifyCardCount_CPT_ListiclePage" duration-ms="104" started-at="2019-12-16T09:53:58Z" depends-on-methods="com.wp.wpqa_64_verify_global_variables_CPT.VerifyGlobalVariables_CPT_ListiclePage.verifyTaboolaSidebar_CPT_ListiclePage" finished-at="2019-12-16T09:53:58Z">
          <reporter-output>
          </reporter-output>
        </test-method> <!-- verifyCardCount_CPT_ListiclePage -->
        <test-method status="PASS" signature="nameAfter(java.lang.reflect.Method)[pri:0, instance:com.wp.wpqa_64_verify_global_variables_CPT.VerifyGlobalVariables_CPT_ListiclePage@3738449f]" name="nameAfter" is-config="true" duration-ms="0" started-at="2019-12-16T09:53:58Z" finished-at="2019-12-16T09:53:58Z">
          <params>
            <param index="0">
              <value>
                <![CDATA[public void com.wp.wpqa_64_verify_global_variables_CPT.VerifyGlobalVariables_CPT_ListiclePage.verifyCardCount_CPT_ListiclePage() throws java.lang.InterruptedException,java.io.IOException]]>
              </value>
            </param>
          </params>
          <reporter-output>
          </reporter-output>
        </test-method> <!-- nameAfter -->
        <test-method status="PASS" signature="TeardownTest()[pri:0, instance:com.wp.wpqa_64_verify_global_variables_CPT.VerifyGlobalVariables_CPT_ListiclePage@3738449f]" name="TeardownTest" is-config="true" duration-ms="967" started-at="2019-12-16T09:53:58Z" finished-at="2019-12-16T09:53:59Z">
          <reporter-output>
          </reporter-output>
        </test-method> <!-- TeardownTest -->
      </class> <!-- com.wp.wpqa_64_verify_global_variables_CPT.VerifyGlobalVariables_CPT_ListiclePage -->
    </test> <!-- Test -->
  </suite> <!-- Suite -->
</testng-results>
