<?xml version="1.0" encoding="UTF-8"?>
<testng-results total="0" passed="0" failed="0" skipped="0">
  <reporter-output>
  </reporter-output>
  <suite started-at="2023-01-04T07:21:50Z" name="runner.TestRunner" finished-at="2023-01-04T07:21:50Z" duration-ms="2">
    <groups>
    </groups>
    <test started-at="2023-01-04T07:21:50Z" name="Command line test" finished-at="2023-01-04T07:21:50Z" duration-ms="2">
    </test> <!-- Command line test -->
  </suite> <!-- runner.TestRunner -->
</testng-results>
