<?xml version="1.0" encoding="UTF-8"?>
<testng-results ignored="0" total="1" passed="1" failed="0" skipped="0">
  <reporter-output>
  </reporter-output>
  <suite started-at="2022-06-01T13:12:08 IST" name="Default suite" finished-at="2022-06-01T13:12:10 IST" duration-ms="1673">
    <groups>
    </groups>
    <test started-at="2022-06-01T13:12:08 IST" name="Default test" finished-at="2022-06-01T13:12:10 IST" duration-ms="1673">
      <class name="com.qa.rest.tests.GetCallBDD">
        <test-method signature="test_noOfCircuitsFor2017_season()[pri:0, instance:com.qa.rest.tests.GetCallBDD@4cc8eb05]" started-at="2022-06-01T13:12:08 IST" name="test_noOfCircuitsFor2017_season" finished-at="2022-06-01T13:12:10 IST" duration-ms="1642" status="PASS">
          <reporter-output>
          </reporter-output>
        </test-method> <!-- test_noOfCircuitsFor2017_season -->
      </class> <!-- com.qa.rest.tests.GetCallBDD -->
    </test> <!-- Default test -->
  </suite> <!-- Default suite -->
</testng-results>
