<?xml version="1.0" encoding="UTF-8"?>
<testng-results ignored="0" total="2" passed="2" failed="0" skipped="0">
  <reporter-output>
  </reporter-output>
  <suite started-at="2022-05-31T18:40:29 IST" name="Surefire suite" finished-at="2022-05-31T18:40:55 IST" duration-ms="26376">
    <groups>
    </groups>
    <test started-at="2022-05-31T18:40:29 IST" name="Surefire test" finished-at="2022-05-31T18:40:55 IST" duration-ms="26376">
      <class name="tests.TestLogin">
        <test-method is-config="true" signature="setup()[pri:0, instance:tests.TestLogin@2e13f304]" started-at="2022-05-31T18:40:29 IST" name="setup" finished-at="2022-05-31T18:40:31 IST" duration-ms="2340" status="PASS">
          <reporter-output>
          </reporter-output>
        </test-method> <!-- setup -->
        <test-method signature="loginToVwo()[pri:0, instance:tests.TestLogin@2e13f304]" started-at="2022-05-31T18:40:31 IST" name="loginToVwo" finished-at="2022-05-31T18:40:40 IST" duration-ms="9193" status="PASS">
          <reporter-output>
          </reporter-output>
        </test-method> <!-- loginToVwo -->
        <test-method is-config="true" signature="teardown()[pri:0, instance:tests.TestLogin@2e13f304]" started-at="2022-05-31T18:40:40 IST" name="teardown" finished-at="2022-05-31T18:40:40 IST" duration-ms="131" status="PASS">
          <reporter-output>
          </reporter-output>
        </test-method> <!-- teardown -->
        <test-method is-config="true" signature="setup()[pri:0, instance:tests.TestLogin@2e13f304]" started-at="2022-05-31T18:40:40 IST" name="setup" finished-at="2022-05-31T18:40:41 IST" duration-ms="866" status="PASS">
          <reporter-output>
          </reporter-output>
        </test-method> <!-- setup -->
        <test-method signature="verifyLoggedInUser()[pri:0, instance:tests.TestLogin@2e13f304]" started-at="2022-05-31T18:40:41 IST" name="verifyLoggedInUser" finished-at="2022-05-31T18:40:55 IST" duration-ms="13521" status="PASS">
          <reporter-output>
          </reporter-output>
        </test-method> <!-- verifyLoggedInUser -->
        <test-method is-config="true" signature="teardown()[pri:0, instance:tests.TestLogin@2e13f304]" started-at="2022-05-31T18:40:55 IST" name="teardown" finished-at="2022-05-31T18:40:55 IST" duration-ms="172" status="PASS">
          <reporter-output>
          </reporter-output>
        </test-method> <!-- teardown -->
      </class> <!-- tests.TestLogin -->
    </test> <!-- Surefire test -->
  </suite> <!-- Surefire suite -->
</testng-results>
