<?xml version="1.0" encoding="UTF-8"?>
<testng-results ignored="0" total="4" passed="4" failed="0" skipped="0">
  <reporter-output>
  </reporter-output>
  <suite started-at="2022-11-17T15:55:07 IST" name="Default suite" finished-at="2022-11-17T15:55:10 IST" duration-ms="2940">
    <groups>
    </groups>
    <test started-at="2022-11-17T15:55:07 IST" name="Default test" finished-at="2022-11-17T15:55:10 IST" duration-ms="2940">
      <class name="Tests_POST">
        <test-method signature="test01_delete()[pri:0, instance:Tests_POST@1018bde2]" started-at="2022-11-17T15:55:07 IST" name="test01_delete" finished-at="2022-11-17T15:55:08 IST" duration-ms="1458" status="PASS">
          <reporter-output>
          </reporter-output>
        </test-method> <!-- test01_delete -->
        <test-method is-config="true" signature="test01()[pri:0, instance:Tests_POST@1018bde2]" started-at="2022-11-17T15:55:08 IST" name="test01" finished-at="2022-11-17T15:55:08 IST" duration-ms="139" status="PASS">
          <reporter-output>
          </reporter-output>
        </test-method> <!-- test01 -->
        <test-method signature="test01_patch()[pri:0, instance:Tests_POST@1018bde2]" started-at="2022-11-17T15:55:08 IST" name="test01_patch" finished-at="2022-11-17T15:55:09 IST" duration-ms="400" status="PASS">
          <reporter-output>
          </reporter-output>
        </test-method> <!-- test01_patch -->
        <test-method is-config="true" signature="test01()[pri:0, instance:Tests_POST@1018bde2]" started-at="2022-11-17T15:55:09 IST" name="test01" finished-at="2022-11-17T15:55:09 IST" duration-ms="57" status="PASS">
          <reporter-output>
          </reporter-output>
        </test-method> <!-- test01 -->
        <test-method signature="test01_post()[pri:0, instance:Tests_POST@1018bde2]" started-at="2022-11-17T15:55:09 IST" name="test01_post" finished-at="2022-11-17T15:55:09 IST" duration-ms="375" status="PASS">
          <reporter-output>
          </reporter-output>
        </test-method> <!-- test01_post -->
        <test-method is-config="true" signature="test01()[pri:0, instance:Tests_POST@1018bde2]" started-at="2022-11-17T15:55:09 IST" name="test01" finished-at="2022-11-17T15:55:09 IST" duration-ms="61" status="PASS">
          <reporter-output>
          </reporter-output>
        </test-method> <!-- test01 -->
        <test-method signature="test01_put()[pri:0, instance:Tests_POST@1018bde2]" started-at="2022-11-17T15:55:09 IST" name="test01_put" finished-at="2022-11-17T15:55:10 IST" duration-ms="364" status="PASS">
          <reporter-output>
          </reporter-output>
        </test-method> <!-- test01_put -->
        <test-method is-config="true" signature="test01()[pri:0, instance:Tests_POST@1018bde2]" started-at="2022-11-17T15:55:10 IST" name="test01" finished-at="2022-11-17T15:55:10 IST" duration-ms="40" status="PASS">
          <reporter-output>
          </reporter-output>
        </test-method> <!-- test01 -->
      </class> <!-- Tests_POST -->
    </test> <!-- Default test -->
  </suite> <!-- Default suite -->
</testng-results>
