<?xml version="1.0" encoding="UTF-8"?>
<!-- Generated by org.testng.reporters.JUnitXMLReporter -->
<testsuite hostname="BLR-P7110592L" name="Test" tests="31" failures="0" timestamp="26 Jun 2019 09:51:57 GMT" time="1799.34" errors="0">
  <testcase name="confirmPosHasValueRD_AboutPage" time="47.52" classname="com.toh.wpqa_65_check_for_key_value_pos.ConfirmPosHasValueRD"/>
  <testcase name="confirmPosHasValueRD_ArticlePage" time="51.818" classname="com.toh.wpqa_65_check_for_key_value_pos.ConfirmPosHasValueRD"/>
  <testcase name="confirmPosHasValueRD_HomePage" time="76.203" classname="com.toh.wpqa_65_check_for_key_value_pos.ConfirmPosHasValueRD"/>
  <testcase name="confirmPosHasValueRD_HubPage" time="36.324" classname="com.toh.wpqa_65_check_for_key_value_pos.ConfirmPosHasValueRD"/>
  <testcase name="confirmPosHasValueRD_JokeHubPage" time="34.509" classname="com.toh.wpqa_65_check_for_key_value_pos.ConfirmPosHasValueRD"/>
  <testcase name="confirmPosHasValueRD_ListiclePage" time="77.56" classname="com.toh.wpqa_65_check_for_key_value_pos.ConfirmPosHasValueRD"/>
  <testcase name="confirmPosHasValueRD_SlideshowPage" time="88.186" classname="com.toh.wpqa_65_check_for_key_value_pos.ConfirmPosHasValueRD"/>
  <testcase name="confirmPosHasValueRD_VideoHubPage" time="58.132" classname="com.toh.wpqa_65_check_for_key_value_pos.ConfirmPosHasValueRD"/>
  <testcase name="confirmPosHasValueCPT_ArticlePage" time="52.89" classname="com.toh.wpqa_65_check_for_key_value_pos.ConfirmPosHasValueCPT"/>
  <testcase name="confirmPosHasValueCPT_ContactUsPage" time="35.34" classname="com.toh.wpqa_65_check_for_key_value_pos.ConfirmPosHasValueCPT"/>
  <testcase name="confirmPosHasValueCPT_HomePage" time="24.004" classname="com.toh.wpqa_65_check_for_key_value_pos.ConfirmPosHasValueCPT"/>
  <testcase name="confirmPosHasValueCPT_HubPage" time="22.831" classname="com.toh.wpqa_65_check_for_key_value_pos.ConfirmPosHasValueCPT"/>
  <testcase name="confirmPosHasValueCPT_ListiclePage" time="43.934" classname="com.toh.wpqa_65_check_for_key_value_pos.ConfirmPosHasValueCPT"/>
  <testcase name="confirmPosHasValueCPT_SlideshowPage" time="66.087" classname="com.toh.wpqa_65_check_for_key_value_pos.ConfirmPosHasValueCPT"/>
  <testcase name="confirmPosHasValueCPT_VideoHubPage" time="45.59" classname="com.toh.wpqa_65_check_for_key_value_pos.ConfirmPosHasValueCPT"/>
  <testcase name="confirmPosHasValueFHM_ArticlePage" time="39.035" classname="com.toh.wpqa_65_check_for_key_value_pos.ConfirmPosHasValueFHM"/>
  <testcase name="confirmPosHasValueFHM_ContactUsPage" time="34.692" classname="com.toh.wpqa_65_check_for_key_value_pos.ConfirmPosHasValueFHM"/>
  <testcase name="confirmPosHasValueFHM_HomePage" time="78.122" classname="com.toh.wpqa_65_check_for_key_value_pos.ConfirmPosHasValueFHM"/>
  <testcase name="confirmPosHasValueFHM_HubPage" time="23.698" classname="com.toh.wpqa_65_check_for_key_value_pos.ConfirmPosHasValueFHM"/>
  <testcase name="confirmPosHasValueFHM_ListiclePage" time="76.741" classname="com.toh.wpqa_65_check_for_key_value_pos.ConfirmPosHasValueFHM"/>
  <testcase name="confirmPosHasValueFHM_ProjectDetailPage" time="69.974" classname="com.toh.wpqa_65_check_for_key_value_pos.ConfirmPosHasValueFHM"/>
  <testcase name="confirmPosHasValueFHM_SlideshowPage" time="77.595" classname="com.toh.wpqa_65_check_for_key_value_pos.ConfirmPosHasValueFHM"/>
  <testcase name="confirmPosHasValueFHM_VideoHubPage" time="37.936" classname="com.toh.wpqa_65_check_for_key_value_pos.ConfirmPosHasValueFHM"/>
  <testcase name="confirmPosHasValueTOH_AboutPage" time="37.483" classname="com.toh.wpqa_65_check_for_key_value_pos.ConfirmPosHasValueTOH"/>
  <testcase name="confirmPosHasValueTOH_ArticlePage" time="50.127" classname="com.toh.wpqa_65_check_for_key_value_pos.ConfirmPosHasValueTOH"/>
  <testcase name="confirmPosHasValueTOH_HomePage" time="25.022" classname="com.toh.wpqa_65_check_for_key_value_pos.ConfirmPosHasValueTOH"/>
  <testcase name="confirmPosHasValueTOH_HubPage" time="33.858" classname="com.toh.wpqa_65_check_for_key_value_pos.ConfirmPosHasValueTOH"/>
  <testcase name="confirmPosHasValueTOH_ListiclePage" time="139.096" classname="com.toh.wpqa_65_check_for_key_value_pos.ConfirmPosHasValueTOH"/>
  <testcase name="confirmPosHasValueTOH_RecipeDetailPage" time="82.192" classname="com.toh.wpqa_65_check_for_key_value_pos.ConfirmPosHasValueTOH"/>
  <testcase name="confirmPosHasValueTOH_SlideshowPage" time="146.511" classname="com.toh.wpqa_65_check_for_key_value_pos.ConfirmPosHasValueTOH"/>
  <testcase name="confirmPosHasValueTOH_VideoHubPage" time="54.911" classname="com.toh.wpqa_65_check_for_key_value_pos.ConfirmPosHasValueTOH"/>
</testsuite> <!-- Test -->
